2026-06-17 15:29:48 | DEBUG | P06 | KAFKA_BOOTSTRAP_SERVERS           = localhost:9092
2026-06-17 15:29:48 | DEBUG | P06 | KAFKA_BROKER_ADDRESS_FAMILY       = v6
2026-06-17 15:29:48 | DEBUG | P06 | KAFKA_TOPIC                       = streaming-06-scenarios-case
2026-06-17 15:29:48 | DEBUG | P06 | KAFKA_CLEAR_TOPIC_ON_START        = true
2026-06-17 15:29:48 | DEBUG | P06 | PRODUCER_MESSAGE_COUNT            = 3
2026-06-17 15:29:48 | DEBUG | P06 | PRODUCER_MESSAGE_INTERVAL_SECONDS = 2
2026-06-17 15:29:48 | DEBUG | P06 | PRODUCER_MAX_MESSAGES             = 50
2026-06-17 15:29:48 | DEBUG | P06 | PRODUCER_POLL_INTERVAL_SECONDS    = 15
2026-06-17 15:29:48 | DEBUG | P06 | KAFKA_GROUP_ID                    = streaming-consumer-group-A
2026-06-17 15:29:48 | DEBUG | P06 | KAFKA_AUTO_OFFSET_RESET           = earliest
2026-06-17 15:29:48 | DEBUG | P06 | CONSUMER_TIMEOUT_SECONDS          = 10
2026-06-17 15:29:48 | DEBUG | P06 | CONSUMER_MAX_MESSAGES             = 1000
2026-06-17 15:29:48 | INFO | P06 | === RUN START ===
2026-06-17 15:29:48 | INFO | P06 | project=P06
2026-06-17 15:29:48 | INFO | P06 | repo_dir=streaming-06-scenarios
2026-06-17 15:29:48 | INFO | P06 | python=3.14.5
2026-06-17 15:29:49 | INFO | P06 | os=Windows 11
2026-06-17 15:29:49 | INFO | P06 | shell=powershell
2026-06-17 15:29:49 | INFO | P06 | cwd=.
2026-06-17 15:29:49 | INFO | P06 | github_actions=False
2026-06-17 15:29:49 | INFO | P06 | ========================
2026-06-17 15:29:49 | INFO | P06 | START producer main()
2026-06-17 15:29:49 | INFO | P06 | ========================
2026-06-17 15:29:49 | INFO | P06 | ROOT_DIR = .
2026-06-17 15:29:49 | INFO | P06 | DATA_DIR = data
2026-06-17 15:29:49 | INFO | P06 | SALES_CSV = data\sales.csv
2026-06-17 15:29:49 | INFO | P06 | REGIONS_CSV = data\regions.csv
2026-06-17 15:29:49 | INFO | P06 | PRODUCTS_CSV = data\products.csv
2026-06-17 15:29:49 | INFO | P06 | REJECTED_SALES_CSV = data\output\producer_rejected_sales.csv
2026-06-17 15:29:49 | INFO | P06 | ========================
2026-06-17 15:29:49 | INFO | P06 | SECTION A. Acquire
2026-06-17 15:29:49 | INFO | P06 | ========================
2026-06-17 15:29:49 | INFO | P06 | Loading settings from .env...
2026-06-17 15:29:49 | INFO | P06 | KAFKA_BOOTSTRAP_SERVERS           = localhost:9092
2026-06-17 15:29:49 | INFO | P06 | KAFKA_TOPIC                       = streaming-06-scenarios-case
2026-06-17 15:29:49 | INFO | P06 | PRODUCER_MESSAGE_COUNT            = 3
2026-06-17 15:29:49 | INFO | P06 | PRODUCER_MESSAGE_INTERVAL_SECONDS = 2.0
2026-06-17 15:29:49 | INFO | P06 | KAFKA_CLEAR_TOPIC_ON_START        = True
2026-06-17 15:29:49 | INFO | P06 | Verifying Kafka connection...
2026-06-17 15:29:49 | INFO | P06 | Kafka port is reachable.
2026-06-17 15:30:00 | INFO | P06 | Loading validation reference data...
2026-06-17 15:30:00 | INFO | P06 | Found 6 valid regions, 6 valid products.
2026-06-17 15:30:00 | INFO | P06 | ========================
2026-06-17 15:30:00 | INFO | P06 | SECTION P. Produce Messages
2026-06-17 15:30:00 | INFO | P06 | ========================
2026-06-17 15:30:00 | INFO | P06 | Initializing output...
2026-06-17 15:30:00 | INFO | P06 | Output directory ready: output
2026-06-17 15:30:00 | INFO | P06 | Sending messages...
2026-06-17 15:30:00 | INFO | P06 | Sending up to 3 message(s) to topic 'streaming-06-scenarios-case'.
2026-06-17 15:30:00 | INFO | P06 | Watch each sale arrive. Press CTRL+C to stop early.

2026-06-17 15:30:00 | INFO | P06 | {
  order_id: e7324981-a9f0-419f-b708-d0a333451fff
  datetime: 2026-05-04T08:11:00Z
  region_id: US-TX
  currency_code: USD
  product_id: PY-STREAM-005
  unit_price: 59.99
  quantity: 3
  is_online: true
  customer_id: CUST-4150
  is_new_customer: false
  device_type: tablet
  payment_method: paypal
  referral_source: paid_search
  discount_code: 
  customer_note: Gift for my team
}
2026-06-17 15:30:00 | INFO | P06 |   Sending message with key=US-TX
2026-06-17 15:30:01 | INFO | P06 |   MESSAGE SENT  sent=1
2026-06-17 15:30:03 | INFO | P06 | {
  order_id: d61943e0-f543-4b5f-9c9a-18605ea4cfe5
  datetime: 2026-05-04T08:23:00Z
  region_id: US-TX
  currency_code: USD
  product_id: PY-DATA-002
  unit_price: 49.99
  quantity: 1
  is_online: true
  customer_id: CUST-1106
  is_new_customer: false
  device_type: mobile
  payment_method: paypal
  referral_source: paid_search
  discount_code: 
  customer_note: Gift for my team
}
2026-06-17 15:30:03 | INFO | P06 |   Sending message with key=US-TX
2026-06-17 15:30:03 | INFO | P06 |   MESSAGE SENT  sent=2
2026-06-17 15:30:05 | INFO | P06 | {
  order_id: 14da1915-8e74-47be-9e10-f7275d31af46
  datetime: 2026-05-04T08:28:00Z
  region_id: CA-QC
  currency_code: CAD
  product_id: PY-NLP-006
  unit_price: 54.99
  quantity: 1
  is_online: true
  customer_id: CUST-2133
  is_new_customer: false
  device_type: desktop
  payment_method: paypal
  referral_source: organic
  discount_code: 
  customer_note: Learning at my own pace
}
2026-06-17 15:30:05 | INFO | P06 |   Sending message with key=CA-QC
2026-06-17 15:30:05 | INFO | P06 |   MESSAGE SENT  sent=3
2026-06-17 15:30:07 | INFO | P06 | Checking for rejected records...
2026-06-17 15:30:07 | INFO | P06 |   No records rejected.
2026-06-17 15:30:07 | INFO | P06 | ========================
2026-06-17 15:30:07 | INFO | P06 | SECTION E. Exit
2026-06-17 15:30:07 | INFO | P06 | ========================
2026-06-17 15:30:07 | INFO | P06 | Summary:
2026-06-17 15:30:07 | INFO | P06 | Sent 3 message(s) to topic 'streaming-06-scenarios-case'.
2026-06-17 15:30:07 | INFO | P06 | Rejected 0 message(s).
2026-06-17 15:30:07 | INFO | P06 | ========================
2026-06-17 15:30:07 | INFO | P06 | Producer executed successfully!
2026-06-17 15:30:07 | INFO | P06 | ========================
2026-06-17 15:30:58 | DEBUG | C06 | KAFKA_BOOTSTRAP_SERVERS           = localhost:9092
2026-06-17 15:30:58 | DEBUG | C06 | KAFKA_BROKER_ADDRESS_FAMILY       = v6
2026-06-17 15:30:58 | DEBUG | C06 | KAFKA_TOPIC                       = streaming-06-scenarios-case
2026-06-17 15:30:58 | DEBUG | C06 | KAFKA_CLEAR_TOPIC_ON_START        = true
2026-06-17 15:30:58 | DEBUG | C06 | PRODUCER_MESSAGE_COUNT            = 3
2026-06-17 15:30:58 | DEBUG | C06 | PRODUCER_MESSAGE_INTERVAL_SECONDS = 2
2026-06-17 15:30:58 | DEBUG | C06 | PRODUCER_MAX_MESSAGES             = 50
2026-06-17 15:30:58 | DEBUG | C06 | PRODUCER_POLL_INTERVAL_SECONDS    = 15
2026-06-17 15:30:58 | DEBUG | C06 | KAFKA_GROUP_ID                    = streaming-consumer-group-A
2026-06-17 15:30:58 | DEBUG | C06 | KAFKA_AUTO_OFFSET_RESET           = earliest
2026-06-17 15:30:58 | DEBUG | C06 | CONSUMER_TIMEOUT_SECONDS          = 10
2026-06-17 15:30:58 | DEBUG | C06 | CONSUMER_MAX_MESSAGES             = 1000
2026-06-17 15:30:58 | DEBUG | P06 | KAFKA_BOOTSTRAP_SERVERS           = localhost:9092
2026-06-17 15:30:58 | DEBUG | P06 | KAFKA_BROKER_ADDRESS_FAMILY       = v6
2026-06-17 15:30:58 | DEBUG | P06 | KAFKA_TOPIC                       = streaming-06-scenarios-case
2026-06-17 15:30:58 | DEBUG | P06 | KAFKA_CLEAR_TOPIC_ON_START        = true
2026-06-17 15:30:58 | DEBUG | P06 | PRODUCER_MESSAGE_COUNT            = 3
2026-06-17 15:30:58 | DEBUG | P06 | PRODUCER_MESSAGE_INTERVAL_SECONDS = 2
2026-06-17 15:30:58 | DEBUG | P06 | PRODUCER_MAX_MESSAGES             = 50
2026-06-17 15:30:58 | DEBUG | P06 | PRODUCER_POLL_INTERVAL_SECONDS    = 15
2026-06-17 15:30:58 | DEBUG | P06 | KAFKA_GROUP_ID                    = streaming-consumer-group-A
2026-06-17 15:30:58 | DEBUG | P06 | KAFKA_AUTO_OFFSET_RESET           = earliest
2026-06-17 15:30:58 | DEBUG | P06 | CONSUMER_TIMEOUT_SECONDS          = 10
2026-06-17 15:30:58 | DEBUG | P06 | CONSUMER_MAX_MESSAGES             = 1000
2026-06-17 15:33:22 | DEBUG | C06 | KAFKA_BOOTSTRAP_SERVERS           = localhost:9092
2026-06-17 15:33:22 | DEBUG | C06 | KAFKA_BROKER_ADDRESS_FAMILY       = v6
2026-06-17 15:33:22 | DEBUG | C06 | KAFKA_TOPIC                       = streaming-06-scenarios-case
2026-06-17 15:33:22 | DEBUG | C06 | KAFKA_CLEAR_TOPIC_ON_START        = true
2026-06-17 15:33:22 | DEBUG | C06 | PRODUCER_MESSAGE_COUNT            = 3
2026-06-17 15:33:22 | DEBUG | C06 | PRODUCER_MESSAGE_INTERVAL_SECONDS = 2
2026-06-17 15:33:22 | DEBUG | C06 | PRODUCER_MAX_MESSAGES             = 50
2026-06-17 15:33:22 | DEBUG | C06 | PRODUCER_POLL_INTERVAL_SECONDS    = 15
2026-06-17 15:33:22 | DEBUG | C06 | KAFKA_GROUP_ID                    = streaming-consumer-group-A
2026-06-17 15:33:22 | DEBUG | C06 | KAFKA_AUTO_OFFSET_RESET           = earliest
2026-06-17 15:33:22 | DEBUG | C06 | CONSUMER_TIMEOUT_SECONDS          = 10
2026-06-17 15:33:22 | DEBUG | C06 | CONSUMER_MAX_MESSAGES             = 1000
2026-06-17 15:33:22 | INFO | C06 | === RUN START ===
2026-06-17 15:33:22 | INFO | C06 | project=C06
2026-06-17 15:33:22 | INFO | C06 | repo_dir=streaming-06-scenarios
2026-06-17 15:33:22 | INFO | C06 | python=3.14.5
2026-06-17 15:33:22 | INFO | C06 | os=Windows 11
2026-06-17 15:33:22 | INFO | C06 | shell=powershell
2026-06-17 15:33:22 | INFO | C06 | cwd=.
2026-06-17 15:33:22 | INFO | C06 | github_actions=False
2026-06-17 15:33:22 | INFO | C06 | ========================
2026-06-17 15:33:22 | INFO | C06 | START consumer main()
2026-06-17 15:33:22 | INFO | C06 | ========================
2026-06-17 15:33:22 | INFO | C06 | ROOT_DIR = .
2026-06-17 15:33:22 | INFO | C06 | DATA_DIR = data
2026-06-17 15:33:22 | INFO | C06 | OUTPUT_CSV = data\output\consumed_sales.csv
2026-06-17 15:33:22 | INFO | C06 | OUTPUT_DB = data\output\sales.duckdb
2026-06-17 15:33:22 | INFO | C06 | OUTPUT_CHART = data\output\sales_chart_case.png
2026-06-17 15:33:22 | INFO | C06 | REGIONS_CSV = data\regions.csv
2026-06-17 15:33:22 | INFO | C06 | PRODUCTS_CSV = data\products.csv
2026-06-17 15:33:22 | INFO | C06 | CURRENCIES_CSV = data\currencies.csv
2026-06-17 15:33:22 | INFO | C06 | DISCOUNT_CODES_CSV = data\discount_codes.csv
2026-06-17 15:33:22 | INFO | C06 | ========================
2026-06-17 15:33:22 | INFO | C06 | SECTION A. Acquire
2026-06-17 15:33:22 | INFO | C06 | ========================
2026-06-17 15:33:22 | INFO | C06 | Loading settings from .env...
2026-06-17 15:33:22 | INFO | C06 | KAFKA_BOOTSTRAP_SERVERS  = localhost:9092
2026-06-17 15:33:22 | INFO | C06 | KAFKA_TOPIC              = streaming-06-scenarios-case
2026-06-17 15:33:22 | INFO | C06 | KAFKA_GROUP_ID           = streaming-consumer-group-A
2026-06-17 15:33:22 | INFO | C06 | CONSUMER_TIMEOUT_SECONDS = 10.0
2026-06-17 15:33:22 | INFO | C06 | CONSUMER_MAX_MESSAGES    = 1000
2026-06-17 15:33:22 | INFO | C06 | Verifying Kafka connection...
2026-06-17 15:33:22 | INFO | C06 | Kafka port is reachable.
2026-06-17 15:33:22 | INFO | C06 | Verifying Kafka topic...
2026-06-17 15:33:32 | INFO | C06 | Topic 'streaming-06-scenarios-case' exists.
2026-06-17 15:33:32 | INFO | C06 | Found 3 message(s) available.
2026-06-17 15:33:32 | INFO | C06 | Creating Kafka consumer...
2026-06-17 15:33:32 | INFO | C06 | Subscribed to topic: 'streaming-06-scenarios-case' (reading from beginning)
2026-06-17 15:33:32 | INFO | C06 | ========================
2026-06-17 15:33:32 | INFO | C06 | SECTION C. Consume and Process Messages
2026-06-17 15:33:32 | INFO | C06 | ========================
2026-06-17 15:33:32 | INFO | C06 | Initializing output...
2026-06-17 15:33:32 | INFO | C06 | Output CSV cleared: consumed_sales.csv
2026-06-17 15:33:32 | INFO | C06 | Database initialized: sales.duckdb
2026-06-17 15:33:34 | INFO | C06 | Live chart initialized.
2026-06-17 15:33:34 | INFO | C06 | Loading enrichment reference data...
2026-06-17 15:33:34 | INFO | C06 | Found 6 region tax rates.
2026-06-17 15:33:34 | INFO | C06 | Consuming messages...
2026-06-17 15:33:34 | INFO | C06 | Waiting for up to 1000 message(s).
2026-06-17 15:33:34 | INFO | C06 | Press CTRL+C to stop early.

2026-06-17 15:33:36 | INFO | C06 | {'currency_code': 'USD', 'customer_id': 'CUST-4150', 'customer_note': 'Gift for my team', 'datetime': '2026-05-04T08:11:00Z', 'device_type': 'tablet', 'discount_code': '', 'is_new_customer': 'false', 'is_online': 'true', 'order_id': 'e7324981-a9f0-419f-b708-d0a333451fff', 'payment_method': 'paypal', 'product_id': 'PY-STREAM-005', 'quantity': '3', 'referral_source': 'paid_search', 'region_id': 'US-TX', 'unit_price': '59.99', '_kafka_key': 'US-TX', '_kafka_partition': 0, '_kafka_offset': 0}
2026-06-17 15:33:36 | INFO | C06 | subtotal=179.97  tax=14.85  total=194.82  running_total=194.82
2026-06-17 15:33:36 | INFO | C06 | Wrote valid record to DuckDB:
2026-06-17 15:33:36 | INFO | C06 |   order=e7324981-a9f0-419f-b708-d0a333451fff
2026-06-17 15:33:36 | INFO | C06 | MESSAGE ACCEPTED
2026-06-17 15:33:36 | INFO | C06 | order=e7324981-a9f0-419f-b708-d0a333451fff
2026-06-17 15:33:36 | INFO | C06 | total=$194.82
2026-06-17 15:33:36 | INFO | C06 | consumed=1
2026-06-17 15:33:36 | INFO | C06 | RUNNING STATS
2026-06-17 15:33:36 | INFO | C06 | total_sales=$194.82
2026-06-17 15:33:36 | INFO | C06 | average=$194.82
2026-06-17 15:33:36 | INFO | C06 | min=$194.82
2026-06-17 15:33:36 | INFO | C06 | max=$194.82
2026-06-17 15:33:36 | INFO | C06 | {'currency_code': 'USD', 'customer_id': 'CUST-1106', 'customer_note': 'Gift for my team', 'datetime': '2026-05-04T08:23:00Z', 'device_type': 'mobile', 'discount_code': '', 'is_new_customer': 'false', 'is_online': 'true', 'order_id': 'd61943e0-f543-4b5f-9c9a-18605ea4cfe5', 'payment_method': 'paypal', 'product_id': 'PY-DATA-002', 'quantity': '1', 'referral_source': 'paid_search', 'region_id': 'US-TX', 'unit_price': '49.99', '_kafka_key': 'US-TX', '_kafka_partition': 0, '_kafka_offset': 1}
2026-06-17 15:33:36 | INFO | C06 | subtotal=49.99  tax=4.12  total=54.11  running_total=248.93
2026-06-17 15:33:37 | INFO | C06 | Wrote valid record to DuckDB:
2026-06-17 15:33:37 | INFO | C06 |   order=d61943e0-f543-4b5f-9c9a-18605ea4cfe5
2026-06-17 15:33:37 | INFO | C06 | MESSAGE ACCEPTED
2026-06-17 15:33:37 | INFO | C06 | order=d61943e0-f543-4b5f-9c9a-18605ea4cfe5
2026-06-17 15:33:37 | INFO | C06 | total=$54.11
2026-06-17 15:33:37 | INFO | C06 | consumed=2
2026-06-17 15:33:37 | INFO | C06 | RUNNING STATS
2026-06-17 15:33:37 | INFO | C06 | total_sales=$248.93
2026-06-17 15:33:37 | INFO | C06 | average=$124.47
2026-06-17 15:33:37 | INFO | C06 | min=$54.11
2026-06-17 15:33:37 | INFO | C06 | max=$194.82
2026-06-17 15:33:37 | INFO | C06 | {'currency_code': 'CAD', 'customer_id': 'CUST-2133', 'customer_note': 'Learning at my own pace', 'datetime': '2026-05-04T08:28:00Z', 'device_type': 'desktop', 'discount_code': '', 'is_new_customer': 'false', 'is_online': 'true', 'order_id': '14da1915-8e74-47be-9e10-f7275d31af46', 'payment_method': 'paypal', 'product_id': 'PY-NLP-006', 'quantity': '1', 'referral_source': 'organic', 'region_id': 'CA-QC', 'unit_price': '54.99', '_kafka_key': 'CA-QC', '_kafka_partition': 0, '_kafka_offset': 2}
2026-06-17 15:33:37 | INFO | C06 | subtotal=54.99  tax=8.23  total=63.22  running_total=312.15
2026-06-17 15:33:37 | INFO | C06 | Wrote valid record to DuckDB:
2026-06-17 15:33:37 | INFO | C06 |   order=14da1915-8e74-47be-9e10-f7275d31af46
2026-06-17 15:33:37 | INFO | C06 | MESSAGE ACCEPTED
2026-06-17 15:33:37 | INFO | C06 | order=14da1915-8e74-47be-9e10-f7275d31af46
2026-06-17 15:33:37 | INFO | C06 | total=$63.22
2026-06-17 15:33:37 | INFO | C06 | consumed=3
2026-06-17 15:33:37 | INFO | C06 | RUNNING STATS
2026-06-17 15:33:37 | INFO | C06 | total_sales=$312.15
2026-06-17 15:33:37 | INFO | C06 | average=$104.05
2026-06-17 15:33:37 | INFO | C06 | min=$54.11
2026-06-17 15:33:37 | INFO | C06 | max=$194.82
2026-06-17 15:33:48 | INFO | C06 | No message received within 10.0s timeout.
2026-06-17 15:33:48 | INFO | C06 | Producer finished or paused. Stopping consumer.
2026-06-17 15:33:48 | INFO | C06 | Kafka consumer closed.
2026-06-17 15:33:48 | INFO | C06 | Saving artifacts...
2026-06-17 15:33:48 | INFO | C06 | WROTE OUTPUT_CHART = data\output\sales_chart_case.png
2026-06-17 15:33:48 | INFO | C06 | WROTE OUTPUT_CSV = data\output\consumed_sales.csv
2026-06-17 15:33:48 | INFO | C06 | WROTE OUTPUT_DB = data\output\sales.duckdb
2026-06-17 15:33:48 | INFO | C06 | Live chart closed.
2026-06-17 15:33:48 | INFO | C06 | ========================
2026-06-17 15:33:48 | INFO | C06 | SECTION E. Exit
2026-06-17 15:33:48 | INFO | C06 | ========================
2026-06-17 15:33:48 | INFO | C06 | Summary:
2026-06-17 15:33:48 | INFO | C06 | Consumed 3 message(s) from topic 'streaming-06-scenarios-case'.
2026-06-17 15:33:48 | INFO | C06 | Skipped  0 message(s).
2026-06-17 15:33:48 | INFO | C06 | OUTPUT_CSV = data\output\consumed_sales.csv
2026-06-17 15:33:48 | INFO | C06 |   Total sales:  $312.15
2026-06-17 15:33:48 | INFO | C06 |   Average sale: $104.05
2026-06-17 15:33:48 | INFO | C06 |   Minimum sale: $54.11
2026-06-17 15:33:48 | INFO | C06 |   Maximum sale: $194.82
2026-06-17 15:33:48 | INFO | C06 | ========================
2026-06-17 15:33:48 | INFO | C06 | Consumer executed successfully!
2026-06-17 15:33:48 | INFO | C06 | ========================
2026-06-19 05:56:09 | DEBUG | P06-PRODUCER | KAFKA_BOOTSTRAP_SERVERS           = localhost:9092
2026-06-19 05:56:09 | DEBUG | P06-PRODUCER | KAFKA_BROKER_ADDRESS_FAMILY       = v6
2026-06-19 05:56:09 | DEBUG | P06-PRODUCER | KAFKA_TOPIC                       = streaming-06-scenarios-case
2026-06-19 05:56:09 | DEBUG | P06-PRODUCER | KAFKA_CLEAR_TOPIC_ON_START        = true
2026-06-19 05:56:09 | DEBUG | P06-PRODUCER | PRODUCER_MESSAGE_COUNT            = 3
2026-06-19 05:56:09 | DEBUG | P06-PRODUCER | PRODUCER_MESSAGE_INTERVAL_SECONDS = 2
2026-06-19 05:56:09 | DEBUG | P06-PRODUCER | PRODUCER_MAX_MESSAGES             = 50
2026-06-19 05:56:09 | DEBUG | P06-PRODUCER | PRODUCER_POLL_INTERVAL_SECONDS    = 15
2026-06-19 05:56:09 | DEBUG | P06-PRODUCER | KAFKA_GROUP_ID                    = streaming-consumer-group-A
2026-06-19 05:56:09 | DEBUG | P06-PRODUCER | KAFKA_AUTO_OFFSET_RESET           = earliest
2026-06-19 05:56:09 | DEBUG | P06-PRODUCER | CONSUMER_TIMEOUT_SECONDS          = 10
2026-06-19 05:56:09 | DEBUG | P06-PRODUCER | CONSUMER_MAX_MESSAGES             = 1000
2026-06-19 05:56:09 | INFO | P06-PRODUCER | === RUN START ===
2026-06-19 05:56:09 | INFO | P06-PRODUCER | project=P06-AIS-PRODUCER
2026-06-19 05:56:09 | INFO | P06-PRODUCER | repo_dir=streaming-06-scenarios
2026-06-19 05:56:09 | INFO | P06-PRODUCER | python=3.14.5
2026-06-19 05:56:09 | INFO | P06-PRODUCER | os=Windows 11
2026-06-19 05:56:09 | INFO | P06-PRODUCER | shell=powershell
2026-06-19 05:56:09 | INFO | P06-PRODUCER | cwd=.
2026-06-19 05:56:09 | INFO | P06-PRODUCER | github_actions=False
2026-06-19 05:56:09 | INFO | P06-PRODUCER | =================================
2026-06-19 05:56:09 | INFO | P06-PRODUCER | START AISStream Kafka Producer
2026-06-19 05:56:09 | INFO | P06-PRODUCER | =================================
2026-06-19 05:56:09 | INFO | P06-PRODUCER | ROOT_DIR = .
2026-06-19 05:56:09 | INFO | P06-PRODUCER | Loading settings from .env...
2026-06-19 05:56:11 | DEBUG | C06-CONSUMER | KAFKA_BOOTSTRAP_SERVERS           = localhost:9092
2026-06-19 05:56:11 | DEBUG | C06-CONSUMER | KAFKA_BROKER_ADDRESS_FAMILY       = v6
2026-06-19 05:56:11 | DEBUG | C06-CONSUMER | KAFKA_TOPIC                       = streaming-06-scenarios-case
2026-06-19 05:56:11 | DEBUG | C06-CONSUMER | KAFKA_CLEAR_TOPIC_ON_START        = true
2026-06-19 05:56:11 | DEBUG | C06-CONSUMER | PRODUCER_MESSAGE_COUNT            = 3
2026-06-19 05:56:11 | DEBUG | C06-CONSUMER | PRODUCER_MESSAGE_INTERVAL_SECONDS = 2
2026-06-19 05:56:11 | DEBUG | C06-CONSUMER | PRODUCER_MAX_MESSAGES             = 50
2026-06-19 05:56:11 | DEBUG | C06-CONSUMER | PRODUCER_POLL_INTERVAL_SECONDS    = 15
2026-06-19 05:56:11 | DEBUG | C06-CONSUMER | KAFKA_GROUP_ID                    = streaming-consumer-group-A
2026-06-19 05:56:11 | DEBUG | C06-CONSUMER | KAFKA_AUTO_OFFSET_RESET           = earliest
2026-06-19 05:56:11 | DEBUG | C06-CONSUMER | CONSUMER_TIMEOUT_SECONDS          = 10
2026-06-19 05:56:11 | DEBUG | C06-CONSUMER | CONSUMER_MAX_MESSAGES             = 1000
2026-06-19 05:56:11 | INFO | C06-CONSUMER | === RUN START ===
2026-06-19 05:56:11 | INFO | C06-CONSUMER | project=C06-AIS-CONSUMER
2026-06-19 05:56:11 | INFO | C06-CONSUMER | repo_dir=streaming-06-scenarios
2026-06-19 05:56:11 | INFO | C06-CONSUMER | python=3.14.5
2026-06-19 05:56:11 | INFO | C06-CONSUMER | os=Windows 11
2026-06-19 05:56:11 | INFO | C06-CONSUMER | shell=powershell
2026-06-19 05:56:11 | INFO | C06-CONSUMER | cwd=.
2026-06-19 05:56:11 | INFO | C06-CONSUMER | github_actions=False
2026-06-19 05:56:11 | INFO | C06-CONSUMER | ========================
2026-06-19 05:56:11 | INFO | C06-CONSUMER | START AIS consumer main()
2026-06-19 05:56:11 | INFO | C06-CONSUMER | ========================
2026-06-19 05:56:11 | INFO | C06-CONSUMER | ROOT_DIR = .
2026-06-19 05:56:11 | INFO | C06-CONSUMER | DATA_DIR = data
2026-06-19 05:56:11 | INFO | C06-CONSUMER | OUTPUT_CSV = data\output\consumed_ais.csv
2026-06-19 05:56:11 | INFO | C06-CONSUMER | OUTPUT_DB = data\output\ais.duckdb
2026-06-19 05:56:11 | INFO | C06-CONSUMER | Loading settings from .env...
2026-06-19 05:56:45 | DEBUG | P06-PRODUCER | KAFKA_BOOTSTRAP_SERVERS           = localhost:9092
2026-06-19 05:56:45 | DEBUG | P06-PRODUCER | KAFKA_BROKER_ADDRESS_FAMILY       = v6
2026-06-19 05:56:45 | DEBUG | P06-PRODUCER | KAFKA_TOPIC                       = streaming-06-scenarios-case
2026-06-19 05:56:45 | DEBUG | P06-PRODUCER | KAFKA_CLEAR_TOPIC_ON_START        = true
2026-06-19 05:56:45 | DEBUG | P06-PRODUCER | PRODUCER_MESSAGE_COUNT            = 3
2026-06-19 05:56:45 | DEBUG | P06-PRODUCER | PRODUCER_MESSAGE_INTERVAL_SECONDS = 2
2026-06-19 05:56:45 | DEBUG | P06-PRODUCER | PRODUCER_MAX_MESSAGES             = 50
2026-06-19 05:56:45 | DEBUG | P06-PRODUCER | PRODUCER_POLL_INTERVAL_SECONDS    = 15
2026-06-19 05:56:45 | DEBUG | P06-PRODUCER | KAFKA_GROUP_ID                    = streaming-consumer-group-A
2026-06-19 05:56:45 | DEBUG | P06-PRODUCER | KAFKA_AUTO_OFFSET_RESET           = earliest
2026-06-19 05:56:45 | DEBUG | P06-PRODUCER | CONSUMER_TIMEOUT_SECONDS          = 10
2026-06-19 05:56:45 | DEBUG | P06-PRODUCER | CONSUMER_MAX_MESSAGES             = 1000
2026-06-19 05:56:45 | INFO | P06-PRODUCER | === RUN START ===
2026-06-19 05:56:45 | INFO | P06-PRODUCER | project=P06-AIS-PRODUCER
2026-06-19 05:56:45 | INFO | P06-PRODUCER | repo_dir=streaming-06-scenarios
2026-06-19 05:56:45 | INFO | P06-PRODUCER | python=3.14.5
2026-06-19 05:56:45 | INFO | P06-PRODUCER | os=Windows 11
2026-06-19 05:56:45 | INFO | P06-PRODUCER | shell=powershell
2026-06-19 05:56:45 | INFO | P06-PRODUCER | cwd=.
2026-06-19 05:56:45 | INFO | P06-PRODUCER | github_actions=False
2026-06-19 05:56:45 | INFO | P06-PRODUCER | =================================
2026-06-19 05:56:45 | INFO | P06-PRODUCER | START AISStream Kafka Producer
2026-06-19 05:56:45 | INFO | P06-PRODUCER | =================================
2026-06-19 05:56:45 | INFO | P06-PRODUCER | ROOT_DIR = .
2026-06-19 05:56:45 | INFO | P06-PRODUCER | Loading settings from .env...
2026-06-19 05:56:45 | INFO | P06-PRODUCER | KAFKA_BOOTSTRAP_SERVERS    = localhost:9092
2026-06-19 05:56:45 | INFO | P06-PRODUCER | KAFKA_TOPIC                = mda-vessels-topic-ag
2026-06-19 05:56:45 | INFO | P06-PRODUCER | AISSTREAM_API_KEY Presence = MISSING
2026-06-19 05:56:45 | INFO | P06-PRODUCER | Verifying Kafka connection...
2026-06-19 05:56:49 | ERROR | P06-PRODUCER | Kafka connection failed: !!!!!!!!!!!!!!!!!!!!!!!!!!!!!!!!!
Python code is running,
but Kafka is not available.
Kafka is not reachable.
The program tried to connect to:
    KAFKA_BOOTSTRAP_SERVERS = localhost:9092

CHECK:
1. Start Kafka first. Follow START_KAFKA.md.
2. Verify Kafka is running. In a terminal, run:
   cd ~/kafka
   bin/kafka-topics.sh --list --bootstrap-server localhost:9092
3. Verify the topic exists. Follow MANAGE_TOPIC.md.
!!!!!!!!!!!!!!!!!!!!!!!!!!!!!!!!!
2026-06-19 05:56:52 | DEBUG | C06-CONSUMER | KAFKA_BOOTSTRAP_SERVERS           = localhost:9092
2026-06-19 05:56:52 | DEBUG | C06-CONSUMER | KAFKA_BROKER_ADDRESS_FAMILY       = v6
2026-06-19 05:56:52 | DEBUG | C06-CONSUMER | KAFKA_TOPIC                       = streaming-06-scenarios-case
2026-06-19 05:56:52 | DEBUG | C06-CONSUMER | KAFKA_CLEAR_TOPIC_ON_START        = true
2026-06-19 05:56:52 | DEBUG | C06-CONSUMER | PRODUCER_MESSAGE_COUNT            = 3
2026-06-19 05:56:52 | DEBUG | C06-CONSUMER | PRODUCER_MESSAGE_INTERVAL_SECONDS = 2
2026-06-19 05:56:52 | DEBUG | C06-CONSUMER | PRODUCER_MAX_MESSAGES             = 50
2026-06-19 05:56:52 | DEBUG | C06-CONSUMER | PRODUCER_POLL_INTERVAL_SECONDS    = 15
2026-06-19 05:56:52 | DEBUG | C06-CONSUMER | KAFKA_GROUP_ID                    = streaming-consumer-group-A
2026-06-19 05:56:52 | DEBUG | C06-CONSUMER | KAFKA_AUTO_OFFSET_RESET           = earliest
2026-06-19 05:56:52 | DEBUG | C06-CONSUMER | CONSUMER_TIMEOUT_SECONDS          = 10
2026-06-19 05:56:52 | DEBUG | C06-CONSUMER | CONSUMER_MAX_MESSAGES             = 1000
2026-06-19 05:56:52 | INFO | C06-CONSUMER | === RUN START ===
2026-06-19 05:56:52 | INFO | C06-CONSUMER | project=C06-AIS-CONSUMER
2026-06-19 05:56:52 | INFO | C06-CONSUMER | repo_dir=streaming-06-scenarios
2026-06-19 05:56:52 | INFO | C06-CONSUMER | python=3.14.5
2026-06-19 05:56:52 | INFO | C06-CONSUMER | os=Windows 11
2026-06-19 05:56:52 | INFO | C06-CONSUMER | shell=powershell
2026-06-19 05:56:52 | INFO | C06-CONSUMER | cwd=.
2026-06-19 05:56:52 | INFO | C06-CONSUMER | github_actions=False
2026-06-19 05:56:52 | INFO | C06-CONSUMER | ========================
2026-06-19 05:56:52 | INFO | C06-CONSUMER | START AIS consumer main()
2026-06-19 05:56:52 | INFO | C06-CONSUMER | ========================
2026-06-19 05:56:52 | INFO | C06-CONSUMER | ROOT_DIR = .
2026-06-19 05:56:52 | INFO | C06-CONSUMER | DATA_DIR = data
2026-06-19 05:56:52 | INFO | C06-CONSUMER | OUTPUT_CSV = data\output\consumed_ais.csv
2026-06-19 05:56:52 | INFO | C06-CONSUMER | OUTPUT_DB = data\output\ais.duckdb
2026-06-19 05:56:52 | INFO | C06-CONSUMER | Loading settings from .env...
2026-06-19 05:56:52 | INFO | C06-CONSUMER | KAFKA_BOOTSTRAP_SERVERS  = localhost:9092
2026-06-19 05:56:52 | INFO | C06-CONSUMER | KAFKA_TOPIC              = mda-vessels-topic-ag
2026-06-19 05:56:52 | INFO | C06-CONSUMER | KAFKA_GROUP_ID           = streaming-consumer-group-A
2026-06-19 05:56:52 | INFO | C06-CONSUMER | CONSUMER_TIMEOUT_SECONDS = 10.0
2026-06-19 05:56:52 | INFO | C06-CONSUMER | CONSUMER_MAX_MESSAGES    = 1000
2026-06-19 05:56:52 | INFO | C06-CONSUMER | Verifying Kafka connection...
2026-06-19 05:56:56 | ERROR | C06-CONSUMER | !!!!!!!!!!!!!!!!!!!!!!!!!!!!!!!!!
Python code is running,
but Kafka is not available.
Kafka is not reachable.
The program tried to connect to:
    KAFKA_BOOTSTRAP_SERVERS = localhost:9092

CHECK:
1. Start Kafka first. Follow START_KAFKA.md.
2. Verify Kafka is running. In a terminal, run:
   cd ~/kafka
   bin/kafka-topics.sh --list --bootstrap-server localhost:9092
3. Verify the topic exists. Follow MANAGE_TOPIC.md.
!!!!!!!!!!!!!!!!!!!!!!!!!!!!!!!!!
2026-06-19 05:59:27 | DEBUG | P06-PRODUCER | KAFKA_BOOTSTRAP_SERVERS           = localhost:9092
2026-06-19 05:59:27 | DEBUG | P06-PRODUCER | KAFKA_BROKER_ADDRESS_FAMILY       = v6
2026-06-19 05:59:27 | DEBUG | P06-PRODUCER | KAFKA_TOPIC                       = streaming-06-scenarios-case
2026-06-19 05:59:27 | DEBUG | P06-PRODUCER | KAFKA_CLEAR_TOPIC_ON_START        = true
2026-06-19 05:59:27 | DEBUG | P06-PRODUCER | PRODUCER_MESSAGE_COUNT            = 3
2026-06-19 05:59:27 | DEBUG | P06-PRODUCER | PRODUCER_MESSAGE_INTERVAL_SECONDS = 2
2026-06-19 05:59:27 | DEBUG | P06-PRODUCER | PRODUCER_MAX_MESSAGES             = 50
2026-06-19 05:59:27 | DEBUG | P06-PRODUCER | PRODUCER_POLL_INTERVAL_SECONDS    = 15
2026-06-19 05:59:27 | DEBUG | P06-PRODUCER | KAFKA_GROUP_ID                    = streaming-consumer-group-A
2026-06-19 05:59:27 | DEBUG | P06-PRODUCER | KAFKA_AUTO_OFFSET_RESET           = earliest
2026-06-19 05:59:27 | DEBUG | P06-PRODUCER | CONSUMER_TIMEOUT_SECONDS          = 10
2026-06-19 05:59:27 | DEBUG | P06-PRODUCER | CONSUMER_MAX_MESSAGES             = 1000
2026-06-19 05:59:27 | DEBUG | P06-PRODUCER | AISSTREAM_API_KEY                 = ee7ff9340b731621f9d94097b7d23f6293607c06
2026-06-19 05:59:27 | INFO | P06-PRODUCER | === RUN START ===
2026-06-19 05:59:27 | INFO | P06-PRODUCER | project=P06-AIS-PRODUCER
2026-06-19 05:59:27 | INFO | P06-PRODUCER | repo_dir=streaming-06-scenarios
2026-06-19 05:59:27 | INFO | P06-PRODUCER | python=3.14.5
2026-06-19 05:59:27 | INFO | P06-PRODUCER | os=Windows 11
2026-06-19 05:59:27 | INFO | P06-PRODUCER | shell=powershell
2026-06-19 05:59:27 | INFO | P06-PRODUCER | cwd=.
2026-06-19 05:59:27 | INFO | P06-PRODUCER | github_actions=False
2026-06-19 05:59:27 | INFO | P06-PRODUCER | =================================
2026-06-19 05:59:27 | INFO | P06-PRODUCER | START AISStream Kafka Producer
2026-06-19 05:59:27 | INFO | P06-PRODUCER | =================================
2026-06-19 05:59:27 | INFO | P06-PRODUCER | ROOT_DIR = .
2026-06-19 05:59:27 | INFO | P06-PRODUCER | Loading settings from .env...
2026-06-19 05:59:27 | INFO | P06-PRODUCER | KAFKA_BOOTSTRAP_SERVERS    = localhost:9092
2026-06-19 05:59:27 | INFO | P06-PRODUCER | KAFKA_TOPIC                = mda-vessels-topic-ag
2026-06-19 05:59:27 | INFO | P06-PRODUCER | AISSTREAM_API_KEY Presence = Present (len=40)
2026-06-19 05:59:27 | INFO | P06-PRODUCER | Verifying Kafka connection...
2026-06-19 05:59:29 | DEBUG | C06-CONSUMER | KAFKA_BOOTSTRAP_SERVERS           = localhost:9092
2026-06-19 05:59:29 | DEBUG | C06-CONSUMER | KAFKA_BROKER_ADDRESS_FAMILY       = v6
2026-06-19 05:59:29 | DEBUG | C06-CONSUMER | KAFKA_TOPIC                       = streaming-06-scenarios-case
2026-06-19 05:59:29 | DEBUG | C06-CONSUMER | KAFKA_CLEAR_TOPIC_ON_START        = true
2026-06-19 05:59:29 | DEBUG | C06-CONSUMER | PRODUCER_MESSAGE_COUNT            = 3
2026-06-19 05:59:29 | DEBUG | C06-CONSUMER | PRODUCER_MESSAGE_INTERVAL_SECONDS = 2
2026-06-19 05:59:29 | DEBUG | C06-CONSUMER | PRODUCER_MAX_MESSAGES             = 50
2026-06-19 05:59:29 | DEBUG | C06-CONSUMER | PRODUCER_POLL_INTERVAL_SECONDS    = 15
2026-06-19 05:59:29 | DEBUG | C06-CONSUMER | KAFKA_GROUP_ID                    = streaming-consumer-group-A
2026-06-19 05:59:29 | DEBUG | C06-CONSUMER | KAFKA_AUTO_OFFSET_RESET           = earliest
2026-06-19 05:59:29 | DEBUG | C06-CONSUMER | CONSUMER_TIMEOUT_SECONDS          = 10
2026-06-19 05:59:29 | DEBUG | C06-CONSUMER | CONSUMER_MAX_MESSAGES             = 1000
2026-06-19 05:59:29 | DEBUG | C06-CONSUMER | AISSTREAM_API_KEY                 = ee7ff9340b731621f9d94097b7d23f6293607c06
2026-06-19 05:59:29 | INFO | C06-CONSUMER | === RUN START ===
2026-06-19 05:59:29 | INFO | C06-CONSUMER | project=C06-AIS-CONSUMER
2026-06-19 05:59:29 | INFO | C06-CONSUMER | repo_dir=streaming-06-scenarios
2026-06-19 05:59:29 | INFO | C06-CONSUMER | python=3.14.5
2026-06-19 05:59:30 | INFO | C06-CONSUMER | os=Windows 11
2026-06-19 05:59:30 | INFO | C06-CONSUMER | shell=powershell
2026-06-19 05:59:30 | INFO | C06-CONSUMER | cwd=.
2026-06-19 05:59:30 | INFO | C06-CONSUMER | github_actions=False
2026-06-19 05:59:30 | INFO | C06-CONSUMER | ========================
2026-06-19 05:59:30 | INFO | C06-CONSUMER | START AIS consumer main()
2026-06-19 05:59:30 | INFO | C06-CONSUMER | ========================
2026-06-19 05:59:30 | INFO | C06-CONSUMER | ROOT_DIR = .
2026-06-19 05:59:30 | INFO | C06-CONSUMER | DATA_DIR = data
2026-06-19 05:59:30 | INFO | C06-CONSUMER | OUTPUT_CSV = data\output\consumed_ais.csv
2026-06-19 05:59:30 | INFO | C06-CONSUMER | OUTPUT_DB = data\output\ais.duckdb
2026-06-19 05:59:30 | INFO | C06-CONSUMER | Loading settings from .env...
2026-06-19 05:59:30 | INFO | C06-CONSUMER | KAFKA_BOOTSTRAP_SERVERS  = localhost:9092
2026-06-19 05:59:30 | INFO | C06-CONSUMER | KAFKA_TOPIC              = mda-vessels-topic-ag
2026-06-19 05:59:30 | INFO | C06-CONSUMER | KAFKA_GROUP_ID           = streaming-consumer-group-A
2026-06-19 05:59:30 | INFO | C06-CONSUMER | CONSUMER_TIMEOUT_SECONDS = 10.0
2026-06-19 05:59:30 | INFO | C06-CONSUMER | CONSUMER_MAX_MESSAGES    = 1000
2026-06-19 05:59:30 | INFO | C06-CONSUMER | Verifying Kafka connection...
2026-06-19 05:59:31 | ERROR | P06-PRODUCER | Kafka connection failed: !!!!!!!!!!!!!!!!!!!!!!!!!!!!!!!!!
Python code is running,
but Kafka is not available.
Kafka is not reachable.
The program tried to connect to:
    KAFKA_BOOTSTRAP_SERVERS = localhost:9092

CHECK:
1. Start Kafka first. Follow START_KAFKA.md.
2. Verify Kafka is running. In a terminal, run:
   cd ~/kafka
   bin/kafka-topics.sh --list --bootstrap-server localhost:9092
3. Verify the topic exists. Follow MANAGE_TOPIC.md.
!!!!!!!!!!!!!!!!!!!!!!!!!!!!!!!!!
2026-06-19 05:59:34 | ERROR | C06-CONSUMER | !!!!!!!!!!!!!!!!!!!!!!!!!!!!!!!!!
Python code is running,
but Kafka is not available.
Kafka is not reachable.
The program tried to connect to:
    KAFKA_BOOTSTRAP_SERVERS = localhost:9092

CHECK:
1. Start Kafka first. Follow START_KAFKA.md.
2. Verify Kafka is running. In a terminal, run:
   cd ~/kafka
   bin/kafka-topics.sh --list --bootstrap-server localhost:9092
3. Verify the topic exists. Follow MANAGE_TOPIC.md.
!!!!!!!!!!!!!!!!!!!!!!!!!!!!!!!!!
2026-06-19 06:18:12 | DEBUG | P06-PRODUCER | KAFKA_BOOTSTRAP_SERVERS           = localhost:9092
2026-06-19 06:18:12 | DEBUG | P06-PRODUCER | KAFKA_BROKER_ADDRESS_FAMILY       = v6
2026-06-19 06:18:12 | DEBUG | P06-PRODUCER | KAFKA_TOPIC                       = mda-vessels-topic-ag
2026-06-19 06:18:12 | DEBUG | P06-PRODUCER | KAFKA_CLEAR_TOPIC_ON_START        = true
2026-06-19 06:18:12 | DEBUG | P06-PRODUCER | PRODUCER_MESSAGE_COUNT            = 3
2026-06-19 06:18:12 | DEBUG | P06-PRODUCER | PRODUCER_MESSAGE_INTERVAL_SECONDS = 2
2026-06-19 06:18:12 | DEBUG | P06-PRODUCER | PRODUCER_MAX_MESSAGES             = 50
2026-06-19 06:18:12 | DEBUG | P06-PRODUCER | PRODUCER_POLL_INTERVAL_SECONDS    = 15
2026-06-19 06:18:12 | DEBUG | P06-PRODUCER | KAFKA_GROUP_ID                    = streaming-consumer-group-A
2026-06-19 06:18:12 | DEBUG | P06-PRODUCER | KAFKA_AUTO_OFFSET_RESET           = earliest
2026-06-19 06:18:12 | DEBUG | P06-PRODUCER | CONSUMER_TIMEOUT_SECONDS          = 10
2026-06-19 06:18:12 | DEBUG | P06-PRODUCER | CONSUMER_MAX_MESSAGES             = 1000
2026-06-19 06:18:12 | DEBUG | P06-PRODUCER | AISSTREAM_API_KEY                 = ee7ff9340b731621f9d94097b7d23f6293607c06
2026-06-19 06:18:13 | INFO | P06-PRODUCER | === RUN START ===
2026-06-19 06:18:13 | INFO | P06-PRODUCER | project=P06-AIS-PRODUCER
2026-06-19 06:18:13 | INFO | P06-PRODUCER | repo_dir=streaming-06-scenarios
2026-06-19 06:18:13 | INFO | P06-PRODUCER | python=3.14.5
2026-06-19 06:18:13 | INFO | P06-PRODUCER | os=Windows 11
2026-06-19 06:18:13 | INFO | P06-PRODUCER | shell=powershell
2026-06-19 06:18:13 | INFO | P06-PRODUCER | cwd=.
2026-06-19 06:18:13 | INFO | P06-PRODUCER | github_actions=False
2026-06-19 06:18:13 | INFO | P06-PRODUCER | =================================
2026-06-19 06:18:13 | INFO | P06-PRODUCER | START AISStream Kafka Producer
2026-06-19 06:18:13 | INFO | P06-PRODUCER | =================================
2026-06-19 06:18:13 | INFO | P06-PRODUCER | ROOT_DIR = .
2026-06-19 06:18:13 | INFO | P06-PRODUCER | Loading settings from .env...
2026-06-19 06:18:13 | INFO | P06-PRODUCER | KAFKA_BOOTSTRAP_SERVERS    = localhost:9092
2026-06-19 06:18:13 | INFO | P06-PRODUCER | KAFKA_TOPIC                = mda-vessels-topic-ag
2026-06-19 06:18:13 | INFO | P06-PRODUCER | AISSTREAM_API_KEY Presence = Present (len=40)
2026-06-19 06:18:13 | INFO | P06-PRODUCER | Verifying Kafka connection...
2026-06-19 06:18:13 | INFO | P06-PRODUCER | Kafka port is reachable.
2026-06-19 06:18:13 | INFO | P06-PRODUCER | Connecting to AISStream WebSocket at wss://stream.aisstream.io/v0/stream...
2026-06-19 06:18:13 | INFO | P06-PRODUCER | Monitoring Bounding Box: [[[0.0, 100.0], [45.0, 140.0]]]
2026-06-19 06:18:16 | INFO | P06-PRODUCER | WebSocket connection established. Sending subscription payload...
2026-06-19 06:18:16 | INFO | P06-PRODUCER | Subscription sent successfully. Listening for live AIS messages...
2026-06-19 06:18:17 | INFO | P06-PRODUCER | Forwarded 1 Chinese vessel telemetry messages. Latest: MMSI=413504220 Name='JIN HAI 667' type=PositionReport
2026-06-19 06:18:34 | INFO | P06-PRODUCER | Forwarded 10 Chinese vessel telemetry messages. Latest: MMSI=412400040 Name='SHENG PING189' type=PositionReport
2026-06-19 06:19:07 | DEBUG | C06-CONSUMER | KAFKA_BOOTSTRAP_SERVERS           = localhost:9092
2026-06-19 06:19:07 | DEBUG | C06-CONSUMER | KAFKA_BROKER_ADDRESS_FAMILY       = v6
2026-06-19 06:19:07 | DEBUG | C06-CONSUMER | KAFKA_TOPIC                       = mda-vessels-topic-ag
2026-06-19 06:19:07 | DEBUG | C06-CONSUMER | KAFKA_CLEAR_TOPIC_ON_START        = true
2026-06-19 06:19:07 | DEBUG | C06-CONSUMER | PRODUCER_MESSAGE_COUNT            = 3
2026-06-19 06:19:07 | DEBUG | C06-CONSUMER | PRODUCER_MESSAGE_INTERVAL_SECONDS = 2
2026-06-19 06:19:07 | DEBUG | C06-CONSUMER | PRODUCER_MAX_MESSAGES             = 50
2026-06-19 06:19:07 | DEBUG | C06-CONSUMER | PRODUCER_POLL_INTERVAL_SECONDS    = 15
2026-06-19 06:19:07 | DEBUG | C06-CONSUMER | KAFKA_GROUP_ID                    = streaming-consumer-group-A
2026-06-19 06:19:07 | DEBUG | C06-CONSUMER | KAFKA_AUTO_OFFSET_RESET           = earliest
2026-06-19 06:19:07 | DEBUG | C06-CONSUMER | CONSUMER_TIMEOUT_SECONDS          = 10
2026-06-19 06:19:07 | DEBUG | C06-CONSUMER | CONSUMER_MAX_MESSAGES             = 1000
2026-06-19 06:19:07 | DEBUG | C06-CONSUMER | AISSTREAM_API_KEY                 = ee7ff9340b731621f9d94097b7d23f6293607c06
2026-06-19 06:19:07 | INFO | C06-CONSUMER | === RUN START ===
2026-06-19 06:19:07 | INFO | C06-CONSUMER | project=C06-AIS-CONSUMER
2026-06-19 06:19:07 | INFO | C06-CONSUMER | repo_dir=streaming-06-scenarios
2026-06-19 06:19:07 | INFO | C06-CONSUMER | python=3.14.5
2026-06-19 06:19:07 | INFO | C06-CONSUMER | os=Windows 11
2026-06-19 06:19:07 | INFO | C06-CONSUMER | shell=powershell
2026-06-19 06:19:07 | INFO | C06-CONSUMER | cwd=.
2026-06-19 06:19:07 | INFO | C06-CONSUMER | github_actions=False
2026-06-19 06:19:07 | INFO | C06-CONSUMER | ========================
2026-06-19 06:19:07 | INFO | C06-CONSUMER | START AIS consumer main()
2026-06-19 06:19:07 | INFO | C06-CONSUMER | ========================
2026-06-19 06:19:07 | INFO | C06-CONSUMER | ROOT_DIR = .
2026-06-19 06:19:07 | INFO | C06-CONSUMER | DATA_DIR = data
2026-06-19 06:19:07 | INFO | C06-CONSUMER | OUTPUT_CSV = data\output\consumed_ais.csv
2026-06-19 06:19:07 | INFO | C06-CONSUMER | OUTPUT_DB = data\output\ais.duckdb
2026-06-19 06:19:07 | INFO | C06-CONSUMER | Loading settings from .env...
2026-06-19 06:19:07 | INFO | C06-CONSUMER | KAFKA_BOOTSTRAP_SERVERS  = localhost:9092
2026-06-19 06:19:07 | INFO | C06-CONSUMER | KAFKA_TOPIC              = mda-vessels-topic-ag
2026-06-19 06:19:07 | INFO | C06-CONSUMER | KAFKA_GROUP_ID           = streaming-consumer-group-A
2026-06-19 06:19:07 | INFO | C06-CONSUMER | CONSUMER_TIMEOUT_SECONDS = 10.0
2026-06-19 06:19:07 | INFO | C06-CONSUMER | CONSUMER_MAX_MESSAGES    = 1000
2026-06-19 06:19:07 | INFO | C06-CONSUMER | Verifying Kafka connection...
2026-06-19 06:19:07 | INFO | C06-CONSUMER | Kafka port is reachable.
2026-06-19 06:19:07 | INFO | C06-CONSUMER | Verifying Kafka topic...
2026-06-19 06:19:13 | INFO | P06-PRODUCER | Forwarded 20 Chinese vessel telemetry messages. Latest: MMSI=413474470 Name='MINGHANG787' type=PositionReport
2026-06-19 06:19:15 | INFO | C06-CONSUMER | Topic 'mda-vessels-topic-ag' exists.
2026-06-19 06:19:15 | INFO | C06-CONSUMER | Found 21 message(s) available in topic.
2026-06-19 06:19:15 | INFO | C06-CONSUMER | Creating Kafka consumer...
2026-06-19 06:19:15 | INFO | C06-CONSUMER | Subscribed to topic: 'mda-vessels-topic-ag' (reading from beginning)
2026-06-19 06:19:15 | INFO | C06-CONSUMER | Initializing output...
2026-06-19 06:19:15 | INFO | C06-CONSUMER | Output CSV cleared: consumed_ais.csv
2026-06-19 06:19:15 | INFO | C06-STORAGE | Initialized tables consumed_valid_ais and consumed_rejected_ais in DuckDB.
2026-06-19 06:19:15 | INFO | C06-STORAGE | Cleared storage tables.
2026-06-19 06:19:15 | INFO | C06-CONSUMER | Database initialized: ais.duckdb
2026-06-19 06:19:15 | INFO | C06-CONSUMER | Live chart initialized.
2026-06-19 06:19:15 | INFO | C06-CONSUMER | Consuming messages...
2026-06-19 06:19:15 | INFO | C06-CONSUMER | Waiting for up to 1000 message(s).
2026-06-19 06:19:15 | INFO | C06-CONSUMER | Press CTRL+C to stop early.

2026-06-19 06:19:20 | INFO | C06-CONSUMER | Kafka consumer closed.
2026-06-19 06:19:39 | INFO | P06-PRODUCER | Forwarded 30 Chinese vessel telemetry messages. Latest: MMSI=413995708 Name='ZHIHANG188' type=PositionReport
2026-06-19 06:20:11 | INFO | P06-PRODUCER | Forwarded 40 Chinese vessel telemetry messages. Latest: MMSI=413800827 Name='QIJI636' type=StaticDataReport
2026-06-19 06:21:06 | INFO | P06-PRODUCER | Forwarded 50 Chinese vessel telemetry messages. Latest: MMSI=413228010 Name='EN ZE' type=StaticDataReport
2026-06-19 06:21:53 | INFO | P06-PRODUCER | Forwarded 60 Chinese vessel telemetry messages. Latest: MMSI=413543480 Name='AN YANG 118' type=PositionReport
2026-06-19 06:22:07 | DEBUG | C06-CONSUMER | KAFKA_BOOTSTRAP_SERVERS           = localhost:9092
2026-06-19 06:22:07 | DEBUG | C06-CONSUMER | KAFKA_BROKER_ADDRESS_FAMILY       = v6
2026-06-19 06:22:07 | DEBUG | C06-CONSUMER | KAFKA_TOPIC                       = mda-vessels-topic-ag
2026-06-19 06:22:07 | DEBUG | C06-CONSUMER | KAFKA_CLEAR_TOPIC_ON_START        = true
2026-06-19 06:22:07 | DEBUG | C06-CONSUMER | PRODUCER_MESSAGE_COUNT            = 3
2026-06-19 06:22:07 | DEBUG | C06-CONSUMER | PRODUCER_MESSAGE_INTERVAL_SECONDS = 2
2026-06-19 06:22:07 | DEBUG | C06-CONSUMER | PRODUCER_MAX_MESSAGES             = 50
2026-06-19 06:22:07 | DEBUG | C06-CONSUMER | PRODUCER_POLL_INTERVAL_SECONDS    = 15
2026-06-19 06:22:07 | DEBUG | C06-CONSUMER | KAFKA_GROUP_ID                    = streaming-consumer-group-A
2026-06-19 06:22:07 | DEBUG | C06-CONSUMER | KAFKA_AUTO_OFFSET_RESET           = earliest
2026-06-19 06:22:07 | DEBUG | C06-CONSUMER | CONSUMER_TIMEOUT_SECONDS          = 10
2026-06-19 06:22:07 | DEBUG | C06-CONSUMER | CONSUMER_MAX_MESSAGES             = 1000
2026-06-19 06:22:07 | DEBUG | C06-CONSUMER | AISSTREAM_API_KEY                 = ee7ff9340b731621f9d94097b7d23f6293607c06
2026-06-19 06:22:07 | INFO | C06-CONSUMER | === RUN START ===
2026-06-19 06:22:07 | INFO | C06-CONSUMER | project=C06-AIS-CONSUMER
2026-06-19 06:22:07 | INFO | C06-CONSUMER | repo_dir=streaming-06-scenarios
2026-06-19 06:22:07 | INFO | C06-CONSUMER | python=3.14.5
2026-06-19 06:22:07 | INFO | C06-CONSUMER | os=Windows 11
2026-06-19 06:22:07 | INFO | C06-CONSUMER | shell=powershell
2026-06-19 06:22:07 | INFO | C06-CONSUMER | cwd=.
2026-06-19 06:22:07 | INFO | C06-CONSUMER | github_actions=False
2026-06-19 06:22:07 | INFO | C06-CONSUMER | ========================
2026-06-19 06:22:07 | INFO | C06-CONSUMER | START AIS consumer main()
2026-06-19 06:22:07 | INFO | C06-CONSUMER | ========================
2026-06-19 06:22:07 | INFO | C06-CONSUMER | ROOT_DIR = .
2026-06-19 06:22:07 | INFO | C06-CONSUMER | DATA_DIR = data
2026-06-19 06:22:07 | INFO | C06-CONSUMER | OUTPUT_CSV = data\output\consumed_ais.csv
2026-06-19 06:22:07 | INFO | C06-CONSUMER | OUTPUT_DB = data\output\ais.duckdb
2026-06-19 06:22:07 | INFO | C06-CONSUMER | Loading settings from .env...
2026-06-19 06:22:07 | INFO | C06-CONSUMER | KAFKA_BOOTSTRAP_SERVERS  = localhost:9092
2026-06-19 06:22:07 | INFO | C06-CONSUMER | KAFKA_TOPIC              = mda-vessels-topic-ag
2026-06-19 06:22:07 | INFO | C06-CONSUMER | KAFKA_GROUP_ID           = streaming-consumer-group-A
2026-06-19 06:22:07 | INFO | C06-CONSUMER | CONSUMER_TIMEOUT_SECONDS = 10.0
2026-06-19 06:22:07 | INFO | C06-CONSUMER | CONSUMER_MAX_MESSAGES    = 1000
2026-06-19 06:22:07 | INFO | C06-CONSUMER | Verifying Kafka connection...
2026-06-19 06:22:07 | INFO | C06-CONSUMER | Kafka port is reachable.
2026-06-19 06:22:07 | INFO | C06-CONSUMER | Verifying Kafka topic...
2026-06-19 06:22:11 | INFO | C06-CONSUMER | Topic 'mda-vessels-topic-ag' exists.
2026-06-19 06:22:11 | INFO | C06-CONSUMER | Found 62 message(s) available in topic.
2026-06-19 06:22:11 | INFO | C06-CONSUMER | Creating Kafka consumer...
2026-06-19 06:22:11 | INFO | C06-CONSUMER | Subscribed to topic: 'mda-vessels-topic-ag' (reading from beginning)
2026-06-19 06:22:11 | INFO | C06-CONSUMER | Initializing output...
2026-06-19 06:22:11 | INFO | C06-CONSUMER | Output CSV cleared: consumed_ais.csv
2026-06-19 06:22:11 | INFO | C06-STORAGE | Initialized tables consumed_valid_ais and consumed_rejected_ais in DuckDB.
2026-06-19 06:22:11 | INFO | C06-STORAGE | Cleared storage tables.
2026-06-19 06:22:11 | INFO | C06-CONSUMER | Database initialized: ais.duckdb
2026-06-19 06:22:11 | INFO | C06-CONSUMER | Live chart initialized.
2026-06-19 06:22:11 | INFO | C06-CONSUMER | Consuming messages...
2026-06-19 06:22:11 | INFO | C06-CONSUMER | Waiting for up to 1000 message(s).
2026-06-19 06:22:11 | INFO | C06-CONSUMER | Press CTRL+C to stop early.

2026-06-19 06:22:15 | INFO | C06-CONSUMER | Forwarded & Logged: MMSI=413504220 Name='JIN HAI 667' Risk=LOW SOG=0.1 knots
2026-06-19 06:22:15 | INFO | C06-CONSUMER | Forwarded & Logged: MMSI=412401780 Name='NAN GANG 86' Risk=LOW SOG=8.3 knots
2026-06-19 06:22:15 | INFO | C06-CONSUMER | Forwarded & Logged: MMSI=413865389 Name='ZHONGHANG927' Risk=LOW SOG=None knots
2026-06-19 06:22:15 | INFO | C06-CONSUMER | Forwarded & Logged: MMSI=413479290 Name='HENG  YU  93' Risk=LOW SOG=None knots
2026-06-19 06:22:15 | WARNING | C06-CONSUMER | Validation failed for vessel MMSI 4125706
2026-06-19 06:22:15 | WARNING | C06-CONSUMER | Errors: ['Required field is blank: ship_name']
2026-06-19 06:22:15 | INFO | C06-CONSUMER | Forwarded & Logged: MMSI=413494920 Name='YIN ZHU HU' Risk=LOW SOG=None knots
2026-06-19 06:22:15 | INFO | C06-CONSUMER | Forwarded & Logged: MMSI=413342580 Name='LIAN YANG JUN 6' Risk=LOW SOG=8.2 knots
2026-06-19 06:22:15 | INFO | C06-CONSUMER | Forwarded & Logged: MMSI=413228010 Name='EN ZE' Risk=LOW SOG=5.9 knots
2026-06-19 06:22:15 | INFO | C06-CONSUMER | Forwarded & Logged: MMSI=413906548 Name='ZHUHANG28' Risk=LOW SOG=None knots
2026-06-19 06:22:15 | INFO | C06-CONSUMER | Forwarded & Logged: MMSI=412400040 Name='SHENG PING189' Risk=LOW SOG=0 knots
2026-06-19 06:22:16 | INFO | C06-CONSUMER | Forwarded & Logged: MMSI=413495980 Name='HUIJINQIAO299' Risk=LOW SOG=0.1 knots
2026-06-19 06:22:16 | WARNING | C06-CONSUMER | Validation failed for vessel MMSI 4125706
2026-06-19 06:22:16 | WARNING | C06-CONSUMER | Errors: ['Required field is blank: ship_name']
2026-06-19 06:22:16 | INFO | C06-CONSUMER | Forwarded & Logged: MMSI=413907175 Name='FULI838' Risk=LOW SOG=0 knots
2026-06-19 06:22:16 | INFO | C06-CONSUMER | Forwarded & Logged: MMSI=413906548 Name='ZHUHANG28' Risk=LOW SOG=None knots
2026-06-19 06:22:16 | INFO | C06-CONSUMER | Forwarded & Logged: MMSI=413800831 Name='TAIZUN9' Risk=LOW SOG=0 knots
2026-06-19 06:22:16 | WARNING | C06-CONSUMER | Validation failed for vessel MMSI 413900364
2026-06-19 06:22:16 | WARNING | C06-CONSUMER | Errors: ['Required field is blank: ship_name']
2026-06-19 06:22:16 | INFO | C06-CONSUMER | Forwarded & Logged: MMSI=413465130 Name='HUIWAN306' Risk=LOW SOG=0 knots
2026-06-19 06:22:16 | WARNING | C06-CONSUMER | Validation failed for vessel MMSI 413762732
2026-06-19 06:22:16 | WARNING | C06-CONSUMER | Errors: ['Required field is blank: ship_name']
2026-06-19 06:22:16 | INFO | C06-CONSUMER | Forwarded & Logged: MMSI=413543480 Name='AN YANG 118' Risk=LOW SOG=0 knots
2026-06-19 06:22:16 | INFO | C06-CONSUMER | Forwarded & Logged: MMSI=413474470 Name='MINGHANG787' Risk=LOW SOG=6.8 knots
2026-06-19 06:22:16 | INFO | C06-CONSUMER | Forwarded & Logged: MMSI=413902744 Name='ZHUCHUAN995' Risk=LOW SOG=0 knots
2026-06-19 06:22:17 | INFO | C06-CONSUMER | Forwarded & Logged: MMSI=413469660 Name='ZHENYUAN288' Risk=LOW SOG=0 knots
2026-06-19 06:22:17 | INFO | C06-CONSUMER | Forwarded & Logged: MMSI=413855543 Name='ZHIHANG628' Risk=LOW SOG=0 knots
2026-06-19 06:22:17 | INFO | C06-CONSUMER | Forwarded & Logged: MMSI=413865389 Name='ZHONGHANG927' Risk=LOW SOG=0.1 knots
2026-06-19 06:22:17 | INFO | C06-CONSUMER | Forwarded & Logged: MMSI=413342580 Name='LIAN YANG JUN 6' Risk=LOW SOG=8.3 knots
2026-06-19 06:22:17 | INFO | C06-CONSUMER | Forwarded & Logged: MMSI=413906659 Name='YUEGUANGZHOUHUO2933' Risk=LOW SOG=None knots
2026-06-19 06:22:17 | INFO | C06-CONSUMER | Forwarded & Logged: MMSI=413391750 Name='NANFANGHAIGONG' Risk=LOW SOG=0 knots
2026-06-19 06:22:17 | INFO | C06-CONSUMER | Forwarded & Logged: MMSI=413543480 Name='AN YANG 118' Risk=LOW SOG=0 knots
2026-06-19 06:22:17 | WARNING | C06-CONSUMER | Validation failed for vessel MMSI 413865532
2026-06-19 06:22:17 | WARNING | C06-CONSUMER | Errors: ['Required field is blank: ship_name']
2026-06-19 06:22:17 | INFO | C06-CONSUMER | Forwarded & Logged: MMSI=413995708 Name='ZHIHANG188' Risk=LOW SOG=2.5 knots
2026-06-19 06:22:17 | INFO | C06-CONSUMER | Forwarded & Logged: MMSI=412484000 Name='JIN PU DONG HAI' Risk=LOW SOG=11.8 knots
2026-06-19 06:22:17 | INFO | C06-CONSUMER | Forwarded & Logged: MMSI=413495980 Name='HUIJINQIAO299' Risk=LOW SOG=0.1 knots
2026-06-19 06:22:17 | INFO | C06-CONSUMER | Forwarded & Logged: MMSI=413314440 Name='XIN MING ZHOU 92' Risk=LOW SOG=None knots
2026-06-19 06:22:18 | INFO | C06-CONSUMER | Forwarded & Logged: MMSI=413873523 Name='FULI901' Risk=LOW SOG=None knots
2026-06-19 06:22:18 | INFO | C06-CONSUMER | Forwarded & Logged: MMSI=412472910 Name='FULI288' Risk=LOW SOG=0.1 knots
2026-06-19 06:22:18 | INFO | C06-CONSUMER | Forwarded & Logged: MMSI=413210920 Name='HAI XIN YOU 619' Risk=LOW SOG=0 knots
2026-06-19 06:22:18 | WARNING | C06-CONSUMER | Validation failed for vessel MMSI 4125706
2026-06-19 06:22:18 | WARNING | C06-CONSUMER | Errors: ['Required field is blank: ship_name']
2026-06-19 06:22:18 | INFO | C06-CONSUMER | Forwarded & Logged: MMSI=412371260 Name='SMC MAGELLAN' Risk=LOW SOG=0 knots
2026-06-19 06:22:18 | INFO | C06-CONSUMER | Forwarded & Logged: MMSI=414351850 Name='YANGWANG1' Risk=LOW SOG=0 knots
2026-06-19 06:22:18 | INFO | C06-CONSUMER | Forwarded & Logged: MMSI=413800827 Name='QIJI636' Risk=LOW SOG=None knots
2026-06-19 06:22:18 | INFO | C06-CONSUMER | Forwarded & Logged: MMSI=413543480 Name='AN YANG 118' Risk=LOW SOG=0 knots
2026-06-19 06:22:18 | INFO | C06-CONSUMER | Forwarded & Logged: MMSI=413840761 Name='TAIHUAHANG 868' Risk=LOW SOG=0 knots
2026-06-19 06:22:18 | INFO | C06-CONSUMER | Forwarded & Logged: MMSI=413905922 Name='YUEGUANGZHOUHUO1933' Risk=LOW SOG=0.1 knots
2026-06-19 06:22:18 | WARNING | C06-CONSUMER | Validation failed for vessel MMSI 4125706
2026-06-19 06:22:18 | WARNING | C06-CONSUMER | Errors: ['Required field is blank: ship_name']
2026-06-19 06:22:19 | INFO | C06-CONSUMER | Forwarded & Logged: MMSI=413295960 Name='QING YUN HE' Risk=LOW SOG=None knots
2026-06-19 06:22:19 | INFO | C06-CONSUMER | Forwarded & Logged: MMSI=413496590 Name='ZHONG SHAN 6' Risk=LOW SOG=None knots
2026-06-19 06:22:19 | INFO | C06-CONSUMER | Forwarded & Logged: MMSI=412401780 Name='NAN GANG 86' Risk=LOW SOG=8.1 knots
2026-06-19 06:22:19 | INFO | C06-CONSUMER | Forwarded & Logged: MMSI=413856971 Name='HUIXINHUI283' Risk=LOW SOG=6.3 knots
2026-06-19 06:22:19 | INFO | C06-CONSUMER | Forwarded & Logged: MMSI=413494920 Name='YIN ZHU HU' Risk=LOW SOG=0.2 knots
2026-06-19 06:22:19 | INFO | C06-CONSUMER | Forwarded & Logged: MMSI=413228010 Name='EN ZE' Risk=LOW SOG=None knots
2026-06-19 06:22:19 | INFO | C06-CONSUMER | Forwarded & Logged: MMSI=413504220 Name='JIN HAI 667' Risk=LOW SOG=0 knots
2026-06-19 06:22:19 | INFO | C06-CONSUMER | Forwarded & Logged: MMSI=413695760 Name='DONG FANG QIANG' Risk=LOW SOG=0 knots
2026-06-19 06:22:19 | INFO | C06-CONSUMER | Forwarded & Logged: MMSI=412379470 Name='CHANG YI 10' Risk=LOW SOG=0 knots
2026-06-19 06:22:20 | INFO | C06-CONSUMER | Forwarded & Logged: MMSI=413479290 Name='HENG  YU  93' Risk=LOW SOG=0 knots
2026-06-19 06:22:20 | INFO | C06-CONSUMER | Forwarded & Logged: MMSI=413314440 Name='XIN MING ZHOU 92' Risk=LOW SOG=0 knots
2026-06-19 06:22:20 | INFO | C06-CONSUMER | Forwarded & Logged: MMSI=413228010 Name='EN ZE' Risk=LOW SOG=5.7 knots
2026-06-19 06:22:20 | INFO | C06-CONSUMER | Forwarded & Logged: MMSI=413495980 Name='HUIJINQIAO299' Risk=LOW SOG=0 knots
2026-06-19 06:22:20 | INFO | C06-CONSUMER | Forwarded & Logged: MMSI=413465130 Name='HUIWAN306' Risk=LOW SOG=0 knots
2026-06-19 06:22:20 | INFO | C06-CONSUMER | Forwarded & Logged: MMSI=413856105 Name='FENG NIAN 99' Risk=LOW SOG=0.2 knots
2026-06-19 06:22:20 | INFO | C06-CONSUMER | Forwarded & Logged: MMSI=413543480 Name='AN YANG 118' Risk=LOW SOG=0 knots
2026-06-19 06:22:20 | INFO | C06-CONSUMER | Forwarded & Logged: MMSI=413900364 Name='BOSHIHANG8' Risk=LOW SOG=None knots
2026-06-19 06:22:20 | INFO | C06-CONSUMER | Forwarded & Logged: MMSI=413310890 Name='NANHANG717' Risk=LOW SOG=0.3 knots
2026-06-19 06:22:22 | WARNING | C06-CONSUMER | Validation failed for vessel MMSI 4132703
2026-06-19 06:22:22 | WARNING | C06-CONSUMER | Errors: ['Required field is blank: ship_name']
2026-06-19 06:22:24 | INFO | C06-CONSUMER | Forwarded & Logged: MMSI=413342580 Name='LIAN YANG JUN 6' Risk=LOW SOG=8.2 knots
2026-06-19 06:22:31 | INFO | C06-CONSUMER | Forwarded & Logged: MMSI=413391750 Name='NANFANGHAIGONG' Risk=LOW SOG=0 knots
2026-06-19 06:22:32 | INFO | C06-CONSUMER | Forwarded & Logged: MMSI=413228010 Name='EN ZE' Risk=LOW SOG=5.7 knots
2026-06-19 06:22:42 | INFO | C06-CONSUMER | Forwarded & Logged: MMSI=413543480 Name='AN YANG 118' Risk=LOW SOG=0 knots
2026-06-19 06:22:43 | INFO | C06-CONSUMER | Forwarded & Logged: MMSI=413800827 Name='QIJI636' Risk=LOW SOG=0 knots
2026-06-19 06:22:48 | INFO | C06-CONSUMER | Forwarded & Logged: MMSI=413862375 Name='BAOFENG2' Risk=LOW SOG=None knots
2026-06-19 06:22:49 | INFO | P06-PRODUCER | Forwarded 70 Chinese vessel telemetry messages. Latest: MMSI=412465430 Name='CHI GANG TUO 8' type=PositionReport
2026-06-19 06:22:49 | INFO | C06-CONSUMER | Forwarded & Logged: MMSI=412465430 Name='CHI GANG TUO 8' Risk=LOW SOG=0.7 knots
2026-06-19 06:22:50 | INFO | C06-CONSUMER | Forwarded & Logged: MMSI=413495980 Name='HUIJINQIAO299' Risk=LOW SOG=0 knots
2026-06-19 06:22:54 | INFO | C06-CONSUMER | Forwarded & Logged: MMSI=412472910 Name='FULI288' Risk=LOW SOG=0.2 knots
2026-06-19 06:23:05 | INFO | C06-CONSUMER | No message received within 10.0s timeout.
2026-06-19 06:23:05 | INFO | C06-CONSUMER | Producer finished or paused. Stopping consumer.
2026-06-19 06:23:05 | INFO | C06-CONSUMER | Kafka consumer closed.
2026-06-19 06:23:05 | INFO | C06-CONSUMER | Saving artifacts...
2026-06-19 06:23:05 | INFO | C06-CONSUMER | WROTE OUTPUT_CSV = data\output\consumed_ais.csv
2026-06-19 06:23:05 | INFO | C06-CONSUMER | WROTE OUTPUT_DB = data\output\ais.duckdb
2026-06-19 06:23:05 | INFO | C06-CONSUMER | Summary:
2026-06-19 06:23:05 | INFO | C06-CONSUMER | Consumed 64 message(s) from topic 'mda-vessels-topic-ag'.
2026-06-19 06:23:05 | INFO | C06-CONSUMER | Skipped  8 message(s) due to validation errors.
2026-06-19 06:23:05 | INFO | C06-CONSUMER |   Total messages processed: 64
2026-06-19 06:23:05 | INFO | C06-CONSUMER |   Average operational speed: 1.38 knots
2026-06-19 06:23:05 | INFO | C06-CONSUMER |   Maximum speed tracked:    11.80 knots
2026-06-19 06:23:05 | INFO | C06-STORAGE | DuckDB Valid AIS Telemetry Rows: 64
2026-06-19 06:23:05 | INFO | C06-STORAGE | DuckDB Rejected Telemetry Rows: 8
2026-06-19 06:23:05 | INFO | C06-STORAGE | DuckDB Count by Risk Level:
2026-06-19 06:23:05 | INFO | C06-STORAGE |   LOW: 64
2026-06-19 06:23:05 | INFO | C06-STORAGE | DuckDB Count by Vessel Category:
2026-06-19 06:23:05 | INFO | C06-STORAGE |   Government / Military (Other): 64
2026-06-19 06:23:05 | INFO | C06-CONSUMER | ========================
2026-06-19 06:23:05 | INFO | C06-CONSUMER | AIS Consumer executed successfully!
2026-06-19 06:23:05 | INFO | C06-CONSUMER | ========================
2026-06-19 06:23:34 | INFO | P06-PRODUCER | Forwarded 80 Chinese vessel telemetry messages. Latest: MMSI=413906647 Name='FENGNIAN 96' type=StandardClassBPositionReport
2026-06-19 06:24:17 | INFO | P06-PRODUCER | Forwarded 90 Chinese vessel telemetry messages. Latest: MMSI=412379470 Name='CHANG YI 10' type=PositionReport
2026-06-19 06:24:55 | INFO | P06-PRODUCER | Forwarded 100 Chinese vessel telemetry messages. Latest: MMSI=412484000 Name='JIN PU DONG HAI' type=PositionReport
2026-06-19 06:25:40 | INFO | P06-PRODUCER | Forwarded 110 Chinese vessel telemetry messages. Latest: MMSI=413310890 Name='NANHANG717' type=PositionReport
2026-06-19 06:26:21 | INFO | P06-PRODUCER | Forwarded 120 Chinese vessel telemetry messages. Latest: MMSI=412476860 Name='SHE GANG 9 HAO' type=PositionReport
2026-06-19 06:27:06 | INFO | P06-PRODUCER | Forwarded 130 Chinese vessel telemetry messages. Latest: MMSI=413228010 Name='EN ZE' type=StaticDataReport
2026-06-19 06:28:03 | INFO | P06-PRODUCER | Forwarded 140 Chinese vessel telemetry messages. Latest: MMSI=413577330 Name='SHUN TAI18' type=ShipStaticData
2026-06-19 06:28:36 | INFO | P06-PRODUCER | Forwarded 150 Chinese vessel telemetry messages. Latest: MMSI=413855543 Name='ZHIHANG628' type=StandardClassBPositionReport
2026-06-19 06:29:24 | INFO | P06-PRODUCER | Forwarded 160 Chinese vessel telemetry messages. Latest: MMSI=413342580 Name='LIAN YANG JUN 6' type=PositionReport
2026-06-19 06:30:05 | INFO | P06-PRODUCER | Forwarded 170 Chinese vessel telemetry messages. Latest: MMSI=413900364 Name='BOSHIHANG8' type=PositionReport
2026-06-19 06:30:32 | INFO | P06-PRODUCER | Forwarded 180 Chinese vessel telemetry messages. Latest: MMSI=413495980 Name='HUIJINQIAO299' type=PositionReport
2026-06-19 06:31:07 | INFO | P06-PRODUCER | Forwarded 190 Chinese vessel telemetry messages. Latest: MMSI=4132703 Name='' type=DataLinkManagementMessage
2026-06-19 06:31:52 | INFO | P06-PRODUCER | Forwarded 200 Chinese vessel telemetry messages. Latest: MMSI=413543480 Name='AN YANG 118' type=PositionReport
2026-06-19 06:32:39 | INFO | P06-PRODUCER | Forwarded 210 Chinese vessel telemetry messages. Latest: MMSI=413995708 Name='' type=PositionReport
2026-06-19 06:33:18 | INFO | P06-PRODUCER | Forwarded 220 Chinese vessel telemetry messages. Latest: MMSI=412401780 Name='NAN GANG 86' type=PositionReport
2026-06-19 06:34:01 | INFO | P06-PRODUCER | Forwarded 230 Chinese vessel telemetry messages. Latest: MMSI=412403930 Name='YUE HANG 113' type=PositionReport
2026-06-19 06:34:30 | INFO | P06-PRODUCER | Forwarded 240 Chinese vessel telemetry messages. Latest: MMSI=413855543 Name='ZHIHANG628' type=StaticDataReport
2026-06-19 06:35:22 | INFO | P06-PRODUCER | Forwarded 250 Chinese vessel telemetry messages. Latest: MMSI=4125706 Name='' type=DataLinkManagementMessage
2026-06-19 06:36:00 | DEBUG | C06-CONSUMER | KAFKA_BOOTSTRAP_SERVERS           = localhost:9092
2026-06-19 06:36:00 | DEBUG | C06-CONSUMER | KAFKA_BROKER_ADDRESS_FAMILY       = v6
2026-06-19 06:36:00 | DEBUG | C06-CONSUMER | KAFKA_TOPIC                       = mda-vessels-topic-ag
2026-06-19 06:36:00 | DEBUG | C06-CONSUMER | KAFKA_CLEAR_TOPIC_ON_START        = true
2026-06-19 06:36:00 | DEBUG | C06-CONSUMER | PRODUCER_MESSAGE_COUNT            = 3
2026-06-19 06:36:00 | DEBUG | C06-CONSUMER | PRODUCER_MESSAGE_INTERVAL_SECONDS = 2
2026-06-19 06:36:00 | DEBUG | C06-CONSUMER | PRODUCER_MAX_MESSAGES             = 50
2026-06-19 06:36:00 | DEBUG | C06-CONSUMER | PRODUCER_POLL_INTERVAL_SECONDS    = 15
2026-06-19 06:36:00 | DEBUG | C06-CONSUMER | KAFKA_GROUP_ID                    = streaming-consumer-group-A
2026-06-19 06:36:00 | DEBUG | C06-CONSUMER | KAFKA_AUTO_OFFSET_RESET           = earliest
2026-06-19 06:36:00 | DEBUG | C06-CONSUMER | CONSUMER_TIMEOUT_SECONDS          = 10
2026-06-19 06:36:00 | DEBUG | C06-CONSUMER | CONSUMER_MAX_MESSAGES             = 1000
2026-06-19 06:36:00 | DEBUG | C06-CONSUMER | AISSTREAM_API_KEY                 = ee7ff9340b731621f9d94097b7d23f6293607c06
2026-06-19 06:36:00 | INFO | C06-CONSUMER | === RUN START ===
2026-06-19 06:36:00 | INFO | C06-CONSUMER | project=C06-AIS-CONSUMER
2026-06-19 06:36:00 | INFO | C06-CONSUMER | repo_dir=streaming-06-scenarios
2026-06-19 06:36:00 | INFO | C06-CONSUMER | python=3.14.5
2026-06-19 06:36:00 | INFO | C06-CONSUMER | os=Windows 11
2026-06-19 06:36:00 | INFO | C06-CONSUMER | shell=powershell
2026-06-19 06:36:00 | INFO | C06-CONSUMER | cwd=.
2026-06-19 06:36:00 | INFO | C06-CONSUMER | github_actions=False
2026-06-19 06:36:00 | INFO | C06-CONSUMER | ========================
2026-06-19 06:36:00 | INFO | C06-CONSUMER | START AIS consumer main()
2026-06-19 06:36:00 | INFO | C06-CONSUMER | ========================
2026-06-19 06:36:00 | INFO | C06-CONSUMER | ROOT_DIR = .
2026-06-19 06:36:00 | INFO | C06-CONSUMER | DATA_DIR = data
2026-06-19 06:36:00 | INFO | C06-CONSUMER | OUTPUT_CSV = data\output\consumed_ais.csv
2026-06-19 06:36:00 | INFO | C06-CONSUMER | OUTPUT_DB = data\output\ais.duckdb
2026-06-19 06:36:00 | INFO | C06-CONSUMER | Loading settings from .env...
2026-06-19 06:36:00 | INFO | C06-CONSUMER | KAFKA_BOOTSTRAP_SERVERS  = localhost:9092
2026-06-19 06:36:00 | INFO | C06-CONSUMER | KAFKA_TOPIC              = mda-vessels-topic-ag
2026-06-19 06:36:00 | INFO | C06-CONSUMER | KAFKA_GROUP_ID           = streaming-consumer-group-A
2026-06-19 06:36:00 | INFO | C06-CONSUMER | CONSUMER_TIMEOUT_SECONDS = 10.0
2026-06-19 06:36:00 | INFO | C06-CONSUMER | CONSUMER_MAX_MESSAGES    = 1000
2026-06-19 06:36:00 | INFO | C06-CONSUMER | Verifying Kafka connection...
2026-06-19 06:36:00 | INFO | C06-CONSUMER | Kafka port is reachable.
2026-06-19 06:36:00 | INFO | C06-CONSUMER | Verifying Kafka topic...
2026-06-19 06:36:22 | INFO | P06-PRODUCER | Forwarded 260 Chinese vessel telemetry messages. Latest: MMSI=413474470 Name='MINGHANG787' type=PositionReport
2026-06-19 06:36:30 | INFO | C06-CONSUMER | Topic 'mda-vessels-topic-ag' exists.
2026-06-19 06:36:30 | INFO | C06-CONSUMER | Found 262 message(s) available in topic.
2026-06-19 06:36:30 | INFO | C06-CONSUMER | Creating Kafka consumer...
2026-06-19 06:36:30 | INFO | C06-CONSUMER | Subscribed to topic: 'mda-vessels-topic-ag' (reading from beginning)
2026-06-19 06:36:30 | INFO | C06-CONSUMER | Initializing output...
2026-06-19 06:36:30 | INFO | C06-CONSUMER | Output CSV cleared: consumed_ais.csv
2026-06-19 06:36:30 | INFO | C06-STORAGE | Initialized tables consumed_valid_ais and consumed_rejected_ais in DuckDB.
2026-06-19 06:36:30 | INFO | C06-STORAGE | Cleared storage tables.
2026-06-19 06:36:30 | INFO | C06-CONSUMER | Database initialized: ais.duckdb
2026-06-19 06:36:30 | INFO | C06-CONSUMER | Live chart initialized.
2026-06-19 06:36:30 | INFO | C06-CONSUMER | Consuming messages...
2026-06-19 06:36:30 | INFO | C06-CONSUMER | Waiting for up to 1000 message(s).
2026-06-19 06:36:30 | INFO | C06-CONSUMER | Press CTRL+C to stop early.

2026-06-19 06:36:33 | INFO | C06-CONSUMER | Forwarded & Logged: MMSI=413504220 Name='JIN HAI 667' Risk=LOW SOG=0.1 knots
2026-06-19 06:36:34 | INFO | C06-CONSUMER | Forwarded & Logged: MMSI=412401780 Name='NAN GANG 86' Risk=LOW SOG=8.3 knots
2026-06-19 06:36:34 | INFO | C06-CONSUMER | Forwarded & Logged: MMSI=413865389 Name='ZHONGHANG927' Risk=LOW SOG=None knots
2026-06-19 06:36:34 | INFO | C06-CONSUMER | Forwarded & Logged: MMSI=413479290 Name='HENG  YU  93' Risk=LOW SOG=None knots
2026-06-19 06:36:34 | WARNING | C06-CONSUMER | Validation failed for vessel MMSI 4125706
2026-06-19 06:36:34 | WARNING | C06-CONSUMER | Errors: ['Required field is blank: ship_name']
2026-06-19 06:36:34 | INFO | C06-CONSUMER | Forwarded & Logged: MMSI=413494920 Name='YIN ZHU HU' Risk=LOW SOG=None knots
2026-06-19 06:36:34 | INFO | C06-CONSUMER | Forwarded & Logged: MMSI=413342580 Name='LIAN YANG JUN 6' Risk=LOW SOG=8.2 knots
2026-06-19 06:36:35 | INFO | C06-CONSUMER | Forwarded & Logged: MMSI=413228010 Name='EN ZE' Risk=LOW SOG=5.9 knots
2026-06-19 06:36:35 | INFO | C06-CONSUMER | Forwarded & Logged: MMSI=413906548 Name='ZHUHANG28' Risk=LOW SOG=None knots
2026-06-19 06:36:35 | INFO | C06-CONSUMER | Forwarded & Logged: MMSI=412400040 Name='SHENG PING189' Risk=LOW SOG=0 knots
2026-06-19 06:36:35 | INFO | C06-CONSUMER | Kafka consumer closed.
2026-06-19 06:37:01 | INFO | P06-PRODUCER | Forwarded 270 Chinese vessel telemetry messages. Latest: MMSI=413900364 Name='BOSHIHANG8' type=StandardClassBPositionReport
2026-06-19 06:37:43 | INFO | P06-PRODUCER | Forwarded 280 Chinese vessel telemetry messages. Latest: MMSI=413342580 Name='LIAN YANG JUN 6' type=PositionReport
2026-06-19 06:38:22 | INFO | P06-PRODUCER | Forwarded 290 Chinese vessel telemetry messages. Latest: MMSI=4132703 Name='' type=DataLinkManagementMessage
2026-06-19 06:38:46 | INFO | P06-PRODUCER | Forwarded 300 Chinese vessel telemetry messages. Latest: MMSI=4125706 Name='' type=BaseStationReport
2026-06-19 06:39:22 | INFO | P06-PRODUCER | Forwarded 310 Chinese vessel telemetry messages. Latest: MMSI=4132703 Name='' type=DataLinkManagementMessage
2026-06-19 06:39:57 | INFO | P06-PRODUCER | Forwarded 320 Chinese vessel telemetry messages. Latest: MMSI=4132703 Name='' type=BaseStationReport
2026-06-19 06:40:39 | INFO | P06-PRODUCER | Forwarded 330 Chinese vessel telemetry messages. Latest: MMSI=413465130 Name='HUIWAN306' type=ShipStaticData
2026-06-19 06:41:14 | INFO | P06-PRODUCER | Forwarded 340 Chinese vessel telemetry messages. Latest: MMSI=412916802 Name='' type=ExtendedClassBPositionReport
2026-06-19 06:41:29 | INFO | P06-PRODUCER | Producer stopped by user (CTRL+C).
2026-06-19 06:41:29 | INFO | P06-PRODUCER | Flushing Kafka producer messages...
2026-06-19 06:41:29 | INFO | P06-PRODUCER | Producer shutdown complete.
2026-06-19 06:48:45 | DEBUG | P06-PRODUCER | KAFKA_BOOTSTRAP_SERVERS           = localhost:9092
2026-06-19 06:48:45 | DEBUG | P06-PRODUCER | KAFKA_BROKER_ADDRESS_FAMILY       = v6
2026-06-19 06:48:45 | DEBUG | P06-PRODUCER | KAFKA_TOPIC                       = mda-vessels-topic-ag
2026-06-19 06:48:45 | DEBUG | P06-PRODUCER | KAFKA_CLEAR_TOPIC_ON_START        = true
2026-06-19 06:48:45 | DEBUG | P06-PRODUCER | PRODUCER_MESSAGE_COUNT            = 3
2026-06-19 06:48:45 | DEBUG | P06-PRODUCER | PRODUCER_MESSAGE_INTERVAL_SECONDS = 2
2026-06-19 06:48:45 | DEBUG | P06-PRODUCER | PRODUCER_MAX_MESSAGES             = 50
2026-06-19 06:48:45 | DEBUG | P06-PRODUCER | PRODUCER_POLL_INTERVAL_SECONDS    = 15
2026-06-19 06:48:45 | DEBUG | P06-PRODUCER | KAFKA_GROUP_ID                    = streaming-consumer-group-A
2026-06-19 06:48:45 | DEBUG | P06-PRODUCER | KAFKA_AUTO_OFFSET_RESET           = earliest
2026-06-19 06:48:45 | DEBUG | P06-PRODUCER | CONSUMER_TIMEOUT_SECONDS          = 10
2026-06-19 06:48:45 | DEBUG | P06-PRODUCER | CONSUMER_MAX_MESSAGES             = 1000
2026-06-19 06:48:45 | DEBUG | P06-PRODUCER | AISSTREAM_API_KEY                 = ee7ff9340b731621f9d94097b7d23f6293607c06
2026-06-19 06:48:45 | INFO | P06-PRODUCER | === RUN START ===
2026-06-19 06:48:45 | INFO | P06-PRODUCER | project=P06-AIS-PRODUCER
2026-06-19 06:48:45 | INFO | P06-PRODUCER | repo_dir=streaming-06-scenarios
2026-06-19 06:48:45 | INFO | P06-PRODUCER | python=3.14.5
2026-06-19 06:48:45 | INFO | P06-PRODUCER | os=Windows 11
2026-06-19 06:48:45 | INFO | P06-PRODUCER | shell=powershell
2026-06-19 06:48:45 | INFO | P06-PRODUCER | cwd=.
2026-06-19 06:48:45 | INFO | P06-PRODUCER | github_actions=False
2026-06-19 06:48:45 | INFO | P06-PRODUCER | =================================
2026-06-19 06:48:45 | INFO | P06-PRODUCER | START AISStream Kafka Producer
2026-06-19 06:48:45 | INFO | P06-PRODUCER | =================================
2026-06-19 06:48:45 | INFO | P06-PRODUCER | ROOT_DIR = .
2026-06-19 06:48:45 | INFO | P06-PRODUCER | Loading settings from .env...
2026-06-19 06:48:45 | INFO | P06-PRODUCER | KAFKA_BOOTSTRAP_SERVERS    = localhost:9092
2026-06-19 06:48:45 | INFO | P06-PRODUCER | KAFKA_TOPIC                = mda-vessels-topic-ag
2026-06-19 06:48:45 | INFO | P06-PRODUCER | AISSTREAM_API_KEY Presence = Present (len=40)
2026-06-19 06:48:45 | INFO | P06-PRODUCER | Verifying Kafka connection...
2026-06-19 06:48:45 | INFO | P06-PRODUCER | Kafka port is reachable.
2026-06-19 06:48:47 | INFO | P06-PRODUCER | Connecting to AISStream WebSocket at wss://stream.aisstream.io/v0/stream...
2026-06-19 06:48:47 | INFO | P06-PRODUCER | Monitoring Bounding Box: [[[0.0, 100.0], [45.0, 140.0]]]
2026-06-19 06:48:50 | INFO | P06-PRODUCER | WebSocket connection established. Sending subscription payload...
2026-06-19 06:48:50 | INFO | P06-PRODUCER | Subscription sent successfully. Listening for live AIS messages...
2026-06-19 06:48:54 | INFO | P06-PRODUCER | Forwarded 1 Chinese vessel telemetry messages. Latest: MMSI=413902744 Name='ZHUCHUAN995' type=StaticDataReport
2026-06-19 06:49:20 | DEBUG | C06-CONSUMER | KAFKA_BOOTSTRAP_SERVERS           = localhost:9092
2026-06-19 06:49:20 | DEBUG | C06-CONSUMER | KAFKA_BROKER_ADDRESS_FAMILY       = v6
2026-06-19 06:49:20 | DEBUG | C06-CONSUMER | KAFKA_TOPIC                       = mda-vessels-topic-ag
2026-06-19 06:49:20 | DEBUG | C06-CONSUMER | KAFKA_CLEAR_TOPIC_ON_START        = true
2026-06-19 06:49:20 | DEBUG | C06-CONSUMER | PRODUCER_MESSAGE_COUNT            = 3
2026-06-19 06:49:20 | DEBUG | C06-CONSUMER | PRODUCER_MESSAGE_INTERVAL_SECONDS = 2
2026-06-19 06:49:20 | DEBUG | C06-CONSUMER | PRODUCER_MAX_MESSAGES             = 50
2026-06-19 06:49:20 | DEBUG | C06-CONSUMER | PRODUCER_POLL_INTERVAL_SECONDS    = 15
2026-06-19 06:49:20 | DEBUG | C06-CONSUMER | KAFKA_GROUP_ID                    = streaming-consumer-group-A
2026-06-19 06:49:20 | DEBUG | C06-CONSUMER | KAFKA_AUTO_OFFSET_RESET           = earliest
2026-06-19 06:49:20 | DEBUG | C06-CONSUMER | CONSUMER_TIMEOUT_SECONDS          = 10
2026-06-19 06:49:20 | DEBUG | C06-CONSUMER | CONSUMER_MAX_MESSAGES             = 1000
2026-06-19 06:49:20 | DEBUG | C06-CONSUMER | AISSTREAM_API_KEY                 = ee7ff9340b731621f9d94097b7d23f6293607c06
2026-06-19 06:49:20 | INFO | C06-CONSUMER | === RUN START ===
2026-06-19 06:49:20 | INFO | C06-CONSUMER | project=C06-AIS-CONSUMER
2026-06-19 06:49:20 | INFO | C06-CONSUMER | repo_dir=streaming-06-scenarios
2026-06-19 06:49:20 | INFO | C06-CONSUMER | python=3.14.5
2026-06-19 06:49:20 | INFO | C06-CONSUMER | os=Windows 11
2026-06-19 06:49:20 | INFO | C06-CONSUMER | shell=powershell
2026-06-19 06:49:20 | INFO | C06-CONSUMER | cwd=.
2026-06-19 06:49:20 | INFO | C06-CONSUMER | github_actions=False
2026-06-19 06:49:20 | INFO | C06-CONSUMER | ========================
2026-06-19 06:49:20 | INFO | C06-CONSUMER | START AIS consumer main()
2026-06-19 06:49:20 | INFO | C06-CONSUMER | ========================
2026-06-19 06:49:20 | INFO | C06-CONSUMER | ROOT_DIR = .
2026-06-19 06:49:20 | INFO | C06-CONSUMER | DATA_DIR = data
2026-06-19 06:49:20 | INFO | C06-CONSUMER | OUTPUT_CSV = data\output\consumed_ais.csv
2026-06-19 06:49:20 | INFO | C06-CONSUMER | OUTPUT_DB = data\output\ais.duckdb
2026-06-19 06:49:20 | INFO | C06-CONSUMER | Loading settings from .env...
2026-06-19 06:49:20 | INFO | C06-CONSUMER | KAFKA_BOOTSTRAP_SERVERS  = localhost:9092
2026-06-19 06:49:20 | INFO | C06-CONSUMER | KAFKA_TOPIC              = mda-vessels-topic-ag
2026-06-19 06:49:20 | INFO | C06-CONSUMER | KAFKA_GROUP_ID           = streaming-consumer-group-A
2026-06-19 06:49:20 | INFO | C06-CONSUMER | CONSUMER_TIMEOUT_SECONDS = 10.0
2026-06-19 06:49:20 | INFO | C06-CONSUMER | CONSUMER_MAX_MESSAGES    = 1000
2026-06-19 06:49:20 | INFO | C06-CONSUMER | Verifying Kafka connection...
2026-06-19 06:49:20 | INFO | C06-CONSUMER | Kafka port is reachable.
2026-06-19 06:49:20 | INFO | C06-CONSUMER | Verifying Kafka topic...
2026-06-19 06:49:22 | INFO | P06-PRODUCER | Forwarded 10 Chinese vessel telemetry messages. Latest: MMSI=4125706 Name='' type=DataLinkManagementMessage
2026-06-19 06:49:26 | INFO | C06-CONSUMER | Topic 'mda-vessels-topic-ag' exists.
2026-06-19 06:49:26 | INFO | C06-CONSUMER | Found 11 message(s) available in topic.
2026-06-19 06:49:26 | INFO | C06-CONSUMER | Creating Kafka consumer...
2026-06-19 06:49:26 | INFO | C06-CONSUMER | Subscribed to topic: 'mda-vessels-topic-ag' (reading from beginning)
2026-06-19 06:49:26 | INFO | C06-CONSUMER | Initializing output...
2026-06-19 06:49:26 | INFO | C06-CONSUMER | Output CSV cleared: consumed_ais.csv
2026-06-19 06:49:26 | INFO | C06-STORAGE | Initialized tables consumed_valid_ais and consumed_rejected_ais in DuckDB.
2026-06-19 06:49:26 | INFO | C06-STORAGE | Cleared storage tables.
2026-06-19 06:49:26 | INFO | C06-CONSUMER | Database initialized: ais.duckdb
2026-06-19 06:49:26 | INFO | C06-CONSUMER | Live chart initialized.
2026-06-19 06:49:26 | INFO | C06-CONSUMER | Consuming messages...
2026-06-19 06:49:26 | INFO | C06-CONSUMER | Waiting for up to 1000 message(s).
2026-06-19 06:49:26 | INFO | C06-CONSUMER | Press CTRL+C to stop early.

2026-06-19 06:49:30 | INFO | C06-CONSUMER | Forwarded & Logged: MMSI=413902744 Name='ZHUCHUAN995' Risk=LOW SOG=None knots
2026-06-19 06:49:30 | WARNING | C06-CONSUMER | Validation failed for vessel MMSI 414603000
2026-06-19 06:49:30 | WARNING | C06-CONSUMER | Errors: ['Required field is blank: ship_name']
2026-06-19 06:49:30 | WARNING | C06-CONSUMER | Validation failed for vessel MMSI 412401780
2026-06-19 06:49:30 | WARNING | C06-CONSUMER | Errors: ['Required field is blank: ship_name']
2026-06-19 06:49:30 | INFO | C06-CONSUMER | Forwarded & Logged: MMSI=413902744 Name='ZHUCHUAN995' Risk=LOW SOG=0 knots
2026-06-19 06:49:30 | INFO | C06-CONSUMER | Forwarded & Logged: MMSI=412371260 Name='SMC MAGELLAN' Risk=LOW SOG=None knots
2026-06-19 06:49:30 | INFO | C06-CONSUMER | Forwarded & Logged: MMSI=413762504 Name='MINGYANG178' Risk=LOW SOG=2.4 knots
2026-06-19 06:49:30 | INFO | C06-CONSUMER | Forwarded & Logged: MMSI=413856105 Name='FENG NIAN 99' Risk=LOW SOG=0 knots
2026-06-19 06:49:30 | WARNING | C06-CONSUMER | Validation failed for vessel MMSI 413900789
2026-06-19 06:49:30 | WARNING | C06-CONSUMER | Errors: ['Required field is blank: ship_name']
2026-06-19 06:49:30 | INFO | C06-CONSUMER | Forwarded & Logged: MMSI=413521330 Name='DONG HE LUN' Risk=LOW SOG=0 knots
2026-06-19 06:49:30 | WARNING | C06-CONSUMER | Validation failed for vessel MMSI 4125706
2026-06-19 06:49:30 | WARNING | C06-CONSUMER | Errors: ['Required field is blank: ship_name']
2026-06-19 06:49:30 | WARNING | C06-CONSUMER | Validation failed for vessel MMSI 4132703
2026-06-19 06:49:30 | WARNING | C06-CONSUMER | Errors: ['Required field is blank: ship_name']
2026-06-19 06:49:31 | INFO | C06-CONSUMER | Forwarded & Logged: MMSI=413906659 Name='YUEGUANGZHOUHUO2933' Risk=LOW SOG=None knots
2026-06-19 06:49:35 | INFO | C06-CONSUMER | Forwarded & Logged: MMSI=413900364 Name='BOSHIHANG8' Risk=LOW SOG=None knots
2026-06-19 06:49:39 | INFO | C06-CONSUMER | Forwarded & Logged: MMSI=413762753 Name='HUA HAI 07' Risk=LOW SOG=0 knots
2026-06-19 06:49:41 | WARNING | C06-CONSUMER | Validation failed for vessel MMSI 412529197
2026-06-19 06:49:41 | WARNING | C06-CONSUMER | Errors: ['Required field is blank: ship_name']
2026-06-19 06:49:50 | INFO | C06-CONSUMER | Forwarded & Logged: MMSI=413228010 Name='EN ZE' Risk=LOW SOG=6 knots
2026-06-19 06:49:50 | WARNING | C06-CONSUMER | Validation failed for vessel MMSI 414256000
2026-06-19 06:49:50 | WARNING | C06-CONSUMER | Errors: ['Required field is blank: ship_name']
2026-06-19 06:49:52 | INFO | C06-CONSUMER | Forwarded & Logged: MMSI=413873523 Name='FULI901' Risk=LOW SOG=None knots
2026-06-19 06:50:02 | INFO | C06-CONSUMER | No message received within 10.0s timeout.
2026-06-19 06:50:02 | INFO | C06-CONSUMER | Producer finished or paused. Stopping consumer.
2026-06-19 06:50:02 | INFO | C06-CONSUMER | Kafka consumer closed.
2026-06-19 06:50:02 | INFO | C06-CONSUMER | Saving artifacts...
2026-06-19 06:50:02 | INFO | C06-CONSUMER | WROTE OUTPUT_CSV = data\output\consumed_ais.csv
2026-06-19 06:50:02 | INFO | C06-CONSUMER | WROTE OUTPUT_DB = data\output\ais.duckdb
2026-06-19 06:50:02 | INFO | C06-CONSUMER | Summary:
2026-06-19 06:50:02 | INFO | C06-CONSUMER | Consumed 11 message(s) from topic 'mda-vessels-topic-ag'.
2026-06-19 06:50:02 | INFO | C06-CONSUMER | Skipped  7 message(s) due to validation errors.
2026-06-19 06:50:02 | INFO | C06-CONSUMER |   Total messages processed: 11
2026-06-19 06:50:02 | INFO | C06-CONSUMER |   Average operational speed: 0.76 knots
2026-06-19 06:50:02 | INFO | C06-CONSUMER |   Maximum speed tracked:    6.00 knots
2026-06-19 06:50:02 | INFO | C06-STORAGE | DuckDB Valid AIS Telemetry Rows: 11
2026-06-19 06:50:02 | INFO | C06-STORAGE | DuckDB Rejected Telemetry Rows: 7
2026-06-19 06:50:02 | INFO | C06-STORAGE | DuckDB Count by Risk Level:
2026-06-19 06:50:02 | INFO | C06-STORAGE |   LOW: 11
2026-06-19 06:50:02 | INFO | C06-STORAGE | DuckDB Count by Vessel Category:
2026-06-19 06:50:02 | INFO | C06-STORAGE |   Government / Military (Other): 11
2026-06-19 06:50:02 | INFO | C06-CONSUMER | ========================
2026-06-19 06:50:02 | INFO | C06-CONSUMER | AIS Consumer executed successfully!
2026-06-19 06:50:02 | INFO | C06-CONSUMER | ========================
2026-06-19 06:50:08 | INFO | P06-PRODUCER | Forwarded 20 Chinese vessel telemetry messages. Latest: MMSI=4132703 Name='' type=DataLinkManagementMessage
2026-06-19 06:51:22 | INFO | P06-PRODUCER | Forwarded 30 Chinese vessel telemetry messages. Latest: MMSI=4125706 Name='' type=DataLinkManagementMessage
2026-06-19 06:52:13 | DEBUG | C06-CONSUMER | KAFKA_BOOTSTRAP_SERVERS           = localhost:9092
2026-06-19 06:52:13 | DEBUG | C06-CONSUMER | KAFKA_BROKER_ADDRESS_FAMILY       = v6
2026-06-19 06:52:13 | DEBUG | C06-CONSUMER | KAFKA_TOPIC                       = mda-vessels-topic-ag
2026-06-19 06:52:13 | DEBUG | C06-CONSUMER | KAFKA_CLEAR_TOPIC_ON_START        = true
2026-06-19 06:52:13 | DEBUG | C06-CONSUMER | PRODUCER_MESSAGE_COUNT            = 3
2026-06-19 06:52:13 | DEBUG | C06-CONSUMER | PRODUCER_MESSAGE_INTERVAL_SECONDS = 2
2026-06-19 06:52:13 | DEBUG | C06-CONSUMER | PRODUCER_MAX_MESSAGES             = 50
2026-06-19 06:52:13 | DEBUG | C06-CONSUMER | PRODUCER_POLL_INTERVAL_SECONDS    = 15
2026-06-19 06:52:13 | DEBUG | C06-CONSUMER | KAFKA_GROUP_ID                    = streaming-consumer-group-A
2026-06-19 06:52:13 | DEBUG | C06-CONSUMER | KAFKA_AUTO_OFFSET_RESET           = earliest
2026-06-19 06:52:13 | DEBUG | C06-CONSUMER | CONSUMER_TIMEOUT_SECONDS          = 60
2026-06-19 06:52:13 | DEBUG | C06-CONSUMER | CONSUMER_MAX_MESSAGES             = 1000
2026-06-19 06:52:13 | DEBUG | C06-CONSUMER | AISSTREAM_API_KEY                 = ee7ff9340b731621f9d94097b7d23f6293607c06
2026-06-19 06:52:13 | INFO | C06-CONSUMER | === RUN START ===
2026-06-19 06:52:13 | INFO | C06-CONSUMER | project=C06-AIS-CONSUMER
2026-06-19 06:52:13 | INFO | C06-CONSUMER | repo_dir=streaming-06-scenarios
2026-06-19 06:52:13 | INFO | C06-CONSUMER | python=3.14.5
2026-06-19 06:52:13 | INFO | C06-CONSUMER | os=Windows 11
2026-06-19 06:52:13 | INFO | C06-CONSUMER | shell=powershell
2026-06-19 06:52:13 | INFO | C06-CONSUMER | cwd=.
2026-06-19 06:52:13 | INFO | C06-CONSUMER | github_actions=False
2026-06-19 06:52:13 | INFO | C06-CONSUMER | ========================
2026-06-19 06:52:13 | INFO | C06-CONSUMER | START AIS consumer main()
2026-06-19 06:52:13 | INFO | C06-CONSUMER | ========================
2026-06-19 06:52:13 | INFO | C06-CONSUMER | ROOT_DIR = .
2026-06-19 06:52:13 | INFO | C06-CONSUMER | DATA_DIR = data
2026-06-19 06:52:13 | INFO | C06-CONSUMER | OUTPUT_CSV = data\output\consumed_ais.csv
2026-06-19 06:52:13 | INFO | C06-CONSUMER | OUTPUT_DB = data\output\ais.duckdb
2026-06-19 06:52:13 | INFO | C06-CONSUMER | Loading settings from .env...
2026-06-19 06:52:13 | INFO | C06-CONSUMER | KAFKA_BOOTSTRAP_SERVERS  = localhost:9092
2026-06-19 06:52:13 | INFO | C06-CONSUMER | KAFKA_TOPIC              = mda-vessels-topic-ag
2026-06-19 06:52:13 | INFO | C06-CONSUMER | KAFKA_GROUP_ID           = streaming-consumer-group-A
2026-06-19 06:52:13 | INFO | C06-CONSUMER | CONSUMER_TIMEOUT_SECONDS = 60.0
2026-06-19 06:52:13 | INFO | C06-CONSUMER | CONSUMER_MAX_MESSAGES    = 1000
2026-06-19 06:52:13 | INFO | C06-CONSUMER | Verifying Kafka connection...
2026-06-19 06:52:13 | INFO | C06-CONSUMER | Kafka port is reachable.
2026-06-19 06:52:13 | INFO | C06-CONSUMER | Verifying Kafka topic...
2026-06-19 06:52:20 | INFO | P06-PRODUCER | Forwarded 40 Chinese vessel telemetry messages. Latest: MMSI=413521330 Name='DONG HE LUN' type=PositionReport
2026-06-19 06:52:22 | INFO | C06-CONSUMER | Topic 'mda-vessels-topic-ag' exists.
2026-06-19 06:52:22 | INFO | C06-CONSUMER | Found 40 message(s) available in topic.
2026-06-19 06:52:22 | INFO | C06-CONSUMER | Creating Kafka consumer...
2026-06-19 06:52:22 | INFO | C06-CONSUMER | Subscribed to topic: 'mda-vessels-topic-ag' (reading from beginning)
2026-06-19 06:52:22 | INFO | C06-CONSUMER | Initializing output...
2026-06-19 06:52:22 | INFO | C06-CONSUMER | Output CSV cleared: consumed_ais.csv
2026-06-19 06:52:22 | INFO | C06-STORAGE | Initialized tables consumed_valid_ais and consumed_rejected_ais in DuckDB.
2026-06-19 06:52:22 | INFO | C06-STORAGE | Cleared storage tables.
2026-06-19 06:52:22 | INFO | C06-CONSUMER | Database initialized: ais.duckdb
2026-06-19 06:52:22 | INFO | C06-CONSUMER | Live chart initialized.
2026-06-19 06:52:22 | INFO | C06-CONSUMER | Consuming messages...
2026-06-19 06:52:22 | INFO | C06-CONSUMER | Waiting for up to 1000 message(s).
2026-06-19 06:52:22 | INFO | C06-CONSUMER | Press CTRL+C to stop early.

2026-06-19 06:52:25 | INFO | C06-CONSUMER | Forwarded & Logged: MMSI=413902744 Name='ZHUCHUAN995' Risk=LOW SOG=None knots
2026-06-19 06:52:25 | WARNING | C06-CONSUMER | Validation failed for vessel MMSI 414603000
2026-06-19 06:52:25 | WARNING | C06-CONSUMER | Errors: ['Required field is blank: ship_name']
2026-06-19 06:52:25 | WARNING | C06-CONSUMER | Validation failed for vessel MMSI 412401780
2026-06-19 06:52:25 | WARNING | C06-CONSUMER | Errors: ['Required field is blank: ship_name']
2026-06-19 06:52:25 | INFO | C06-CONSUMER | Forwarded & Logged: MMSI=413902744 Name='ZHUCHUAN995' Risk=LOW SOG=0 knots
2026-06-19 06:52:25 | INFO | C06-CONSUMER | Forwarded & Logged: MMSI=412371260 Name='SMC MAGELLAN' Risk=LOW SOG=None knots
2026-06-19 06:52:25 | INFO | C06-CONSUMER | Forwarded & Logged: MMSI=413762504 Name='MINGYANG178' Risk=LOW SOG=2.4 knots
2026-06-19 06:52:26 | INFO | C06-CONSUMER | Forwarded & Logged: MMSI=413856105 Name='FENG NIAN 99' Risk=LOW SOG=0 knots
2026-06-19 06:52:26 | WARNING | C06-CONSUMER | Validation failed for vessel MMSI 413900789
2026-06-19 06:52:26 | WARNING | C06-CONSUMER | Errors: ['Required field is blank: ship_name']
2026-06-19 06:52:26 | INFO | C06-CONSUMER | Forwarded & Logged: MMSI=413521330 Name='DONG HE LUN' Risk=LOW SOG=0 knots
2026-06-19 06:52:26 | WARNING | C06-CONSUMER | Validation failed for vessel MMSI 4125706
2026-06-19 06:52:26 | WARNING | C06-CONSUMER | Errors: ['Required field is blank: ship_name']
2026-06-19 06:52:26 | WARNING | C06-CONSUMER | Validation failed for vessel MMSI 4132703
2026-06-19 06:52:26 | WARNING | C06-CONSUMER | Errors: ['Required field is blank: ship_name']
2026-06-19 06:52:26 | INFO | C06-CONSUMER | Forwarded & Logged: MMSI=413906659 Name='YUEGUANGZHOUHUO2933' Risk=LOW SOG=None knots
2026-06-19 06:52:26 | INFO | C06-CONSUMER | Forwarded & Logged: MMSI=413900364 Name='BOSHIHANG8' Risk=LOW SOG=None knots
2026-06-19 06:52:26 | INFO | C06-CONSUMER | Forwarded & Logged: MMSI=413762753 Name='HUA HAI 07' Risk=LOW SOG=0 knots
2026-06-19 06:52:26 | WARNING | C06-CONSUMER | Validation failed for vessel MMSI 412529197
2026-06-19 06:52:26 | WARNING | C06-CONSUMER | Errors: ['Required field is blank: ship_name']
2026-06-19 06:52:26 | INFO | C06-CONSUMER | Forwarded & Logged: MMSI=413228010 Name='EN ZE' Risk=LOW SOG=6 knots
2026-06-19 06:52:26 | WARNING | C06-CONSUMER | Validation failed for vessel MMSI 414256000
2026-06-19 06:52:26 | WARNING | C06-CONSUMER | Errors: ['Required field is blank: ship_name']
2026-06-19 06:52:27 | INFO | C06-CONSUMER | Forwarded & Logged: MMSI=413873523 Name='FULI901' Risk=LOW SOG=None knots
2026-06-19 06:52:27 | INFO | C06-CONSUMER | Forwarded & Logged: MMSI=413873523 Name='FULI901' Risk=LOW SOG=0 knots
2026-06-19 06:52:27 | WARNING | C06-CONSUMER | Validation failed for vessel MMSI 4132703
2026-06-19 06:52:27 | WARNING | C06-CONSUMER | Errors: ['Required field is blank: ship_name']
2026-06-19 06:52:27 | INFO | C06-CONSUMER | Forwarded & Logged: MMSI=413800827 Name='QIJI636' Risk=LOW SOG=0 knots
2026-06-19 06:52:27 | WARNING | C06-CONSUMER | Validation failed for vessel MMSI 4132703
2026-06-19 06:52:27 | WARNING | C06-CONSUMER | Errors: ['Required field is blank: ship_name']
2026-06-19 06:52:27 | INFO | C06-CONSUMER | Forwarded & Logged: MMSI=413906647 Name='FENGNIAN 96' Risk=LOW SOG=0 knots
2026-06-19 06:52:27 | INFO | C06-CONSUMER | Forwarded & Logged: MMSI=413276420 Name='NANGANG99' Risk=LOW SOG=0 knots
2026-06-19 06:52:27 | INFO | C06-CONSUMER | Forwarded & Logged: MMSI=413902744 Name='ZHUCHUAN995' Risk=LOW SOG=0 knots
2026-06-19 06:52:27 | INFO | C06-CONSUMER | Forwarded & Logged: MMSI=413857442 Name='ZHONGHANG 937' Risk=LOW SOG=0 knots
2026-06-19 06:52:27 | INFO | C06-CONSUMER | Forwarded & Logged: MMSI=413496590 Name='ZHONG SHAN 6' Risk=LOW SOG=None knots
2026-06-19 06:52:28 | INFO | C06-CONSUMER | Forwarded & Logged: MMSI=413391750 Name='NANFANGHAIGONG' Risk=LOW SOG=0 knots
2026-06-19 06:52:28 | WARNING | C06-CONSUMER | Validation failed for vessel MMSI 4132703
2026-06-19 06:52:28 | WARNING | C06-CONSUMER | Errors: ['Required field is blank: ship_name']
2026-06-19 06:52:28 | WARNING | C06-CONSUMER | Validation failed for vessel MMSI 4125706
2026-06-19 06:52:28 | WARNING | C06-CONSUMER | Errors: ['Required field is blank: ship_name']
2026-06-19 06:52:28 | INFO | C06-CONSUMER | Forwarded & Logged: MMSI=412472840 Name='SHEGANG 2 HAO' Risk=LOW SOG=8 knots
2026-06-19 06:52:28 | INFO | C06-CONSUMER | Forwarded & Logged: MMSI=413479290 Name='HENG  YU  93' Risk=LOW SOG=0 knots
2026-06-19 06:52:28 | INFO | C06-CONSUMER | Forwarded & Logged: MMSI=413060000 Name='XIN PU DONG' Risk=LOW SOG=0.1 knots
2026-06-19 06:52:28 | INFO | C06-CONSUMER | Forwarded & Logged: MMSI=413900824 Name='ZHUCHUAN2003' Risk=LOW SOG=None knots
2026-06-19 06:52:28 | INFO | C06-CONSUMER | Forwarded & Logged: MMSI=413465130 Name='HUIWAN306' Risk=LOW SOG=0 knots
2026-06-19 06:52:28 | INFO | C06-CONSUMER | Forwarded & Logged: MMSI=413900781 Name='CHENGXIANG588' Risk=LOW SOG=0 knots
2026-06-19 06:52:28 | INFO | C06-CONSUMER | Forwarded & Logged: MMSI=413865532 Name='RONGHANG23' Risk=LOW SOG=0 knots
2026-06-19 06:52:28 | WARNING | C06-CONSUMER | Validation failed for vessel MMSI 412401780
2026-06-19 06:52:28 | WARNING | C06-CONSUMER | Errors: ['Required field is blank: ship_name']
2026-06-19 06:52:29 | INFO | C06-CONSUMER | Forwarded & Logged: MMSI=413900364 Name='BOSHIHANG8' Risk=LOW SOG=0 knots
2026-06-19 06:52:29 | INFO | C06-CONSUMER | Forwarded & Logged: MMSI=413521330 Name='DONG HE LUN' Risk=LOW SOG=0 knots
2026-06-19 06:52:29 | WARNING | C06-CONSUMER | Validation failed for vessel MMSI 4132703
2026-06-19 06:52:29 | WARNING | C06-CONSUMER | Errors: ['Required field is blank: ship_name']
2026-06-19 06:52:29 | INFO | C06-CONSUMER | Forwarded & Logged: MMSI=413906647 Name='FENGNIAN 96' Risk=LOW SOG=0 knots
2026-06-19 06:52:37 | WARNING | C06-CONSUMER | Validation failed for vessel MMSI 4125706
2026-06-19 06:52:37 | WARNING | C06-CONSUMER | Errors: ['Required field is blank: ship_name']
2026-06-19 06:52:38 | INFO | C06-CONSUMER | Forwarded & Logged: MMSI=413906548 Name='ZHUHANG28' Risk=LOW SOG=None knots
2026-06-19 06:53:09 | INFO | C06-CONSUMER | Forwarded & Logged: MMSI=413210920 Name='HAI XIN YOU 619' Risk=LOW SOG=None knots
2026-06-19 06:53:09 | INFO | C06-CONSUMER | Forwarded & Logged: MMSI=412379470 Name='CHANG YI 10' Risk=LOW SOG=0 knots
2026-06-19 06:53:17 | WARNING | C06-CONSUMER | Validation failed for vessel MMSI 4132703
2026-06-19 06:53:17 | WARNING | C06-CONSUMER | Errors: ['Required field is blank: ship_name']
2026-06-19 06:53:24 | INFO | C06-CONSUMER | Forwarded & Logged: MMSI=413495980 Name='HUIJINQIAO299' Risk=LOW SOG=0 knots
2026-06-19 06:53:31 | INFO | C06-CONSUMER | Forwarded & Logged: MMSI=413310890 Name='NANHANG717' Risk=LOW SOG=0 knots
2026-06-19 06:53:31 | INFO | P06-PRODUCER | Forwarded 50 Chinese vessel telemetry messages. Latest: MMSI=413906353 Name='HUANBAO 89' type=StandardClassBPositionReport
2026-06-19 06:53:31 | INFO | C06-CONSUMER | Forwarded & Logged: MMSI=413906353 Name='HUANBAO 89' Risk=LOW SOG=0 knots
2026-06-19 06:53:34 | INFO | C06-CONSUMER | Forwarded & Logged: MMSI=413900824 Name='ZHUCHUAN2003' Risk=LOW SOG=None knots
2026-06-19 06:53:37 | WARNING | C06-CONSUMER | Validation failed for vessel MMSI 4125706
2026-06-19 06:53:37 | WARNING | C06-CONSUMER | Errors: ['Required field is blank: ship_name']
2026-06-19 06:53:39 | INFO | C06-CONSUMER | Forwarded & Logged: MMSI=413865389 Name='ZHONGHANG927' Risk=LOW SOG=0.2 knots
2026-06-19 06:53:47 | WARNING | C06-CONSUMER | Validation failed for vessel MMSI 4125706
2026-06-19 06:53:47 | WARNING | C06-CONSUMER | Errors: ['Required field is blank: ship_name']
2026-06-19 06:54:05 | INFO | C06-CONSUMER | Forwarded & Logged: MMSI=413543480 Name='AN YANG 118' Risk=LOW SOG=0 knots
2026-06-19 06:54:06 | INFO | C06-CONSUMER | Forwarded & Logged: MMSI=412484000 Name='JIN PU DONG HAI' Risk=LOW SOG=11.7 knots
2026-06-19 06:54:20 | INFO | C06-CONSUMER | Forwarded & Logged: MMSI=413479290 Name='HENG  YU  93' Risk=LOW SOG=None knots
2026-06-19 06:54:21 | WARNING | C06-CONSUMER | Validation failed for vessel MMSI 413856105
2026-06-19 06:54:21 | WARNING | C06-CONSUMER | Errors: ['Required field is blank: ship_name']
2026-06-19 06:54:31 | INFO | P06-PRODUCER | Forwarded 60 Chinese vessel telemetry messages. Latest: MMSI=413352250 Name='' type=PositionReport
2026-06-19 06:54:31 | INFO | C06-CONSUMER | Forwarded & Logged: MMSI=413314440 Name='XIN MING ZHOU 92' Risk=LOW SOG=0 knots
2026-06-19 06:54:31 | WARNING | C06-CONSUMER | Validation failed for vessel MMSI 413352250
2026-06-19 06:54:31 | WARNING | C06-CONSUMER | Errors: ['Required field is blank: ship_name']
2026-06-19 06:54:31 | INFO | C06-CONSUMER | Forwarded & Logged: MMSI=413906353 Name='HUANBAO 89' Risk=LOW SOG=0 knots
2026-06-19 06:54:32 | INFO | C06-CONSUMER | Forwarded & Logged: MMSI=413902779 Name='ZHU CHUAN 2006' Risk=LOW SOG=0 knots
2026-06-19 06:54:32 | WARNING | C06-CONSUMER | Validation failed for vessel MMSI 413543510
2026-06-19 06:54:32 | WARNING | C06-CONSUMER | Errors: ['Required field is blank: ship_name']
2026-06-19 06:54:36 | WARNING | C06-CONSUMER | Validation failed for vessel MMSI 413337000
2026-06-19 06:54:36 | WARNING | C06-CONSUMER | Errors: ['Required field is blank: ship_name']
2026-06-19 06:54:48 | WARNING | C06-CONSUMER | Validation failed for vessel MMSI 412401780
2026-06-19 06:54:48 | WARNING | C06-CONSUMER | Errors: ['Required field is blank: ship_name']
2026-06-19 06:54:53 | INFO | C06-CONSUMER | Forwarded & Logged: MMSI=413907062 Name='SUIDEYANG198' Risk=LOW SOG=None knots
2026-06-19 06:55:05 | INFO | C06-CONSUMER | Forwarded & Logged: MMSI=413543480 Name='AN YANG 118' Risk=LOW SOG=0 knots
2026-06-19 06:55:08 | WARNING | C06-CONSUMER | Validation failed for vessel MMSI 4125706
2026-06-19 06:55:08 | WARNING | C06-CONSUMER | Errors: ['Required field is blank: ship_name']
2026-06-19 06:55:19 | INFO | C06-CONSUMER | Forwarded & Logged: MMSI=412379470 Name='CHANG YI 10' Risk=LOW SOG=0 knots
2026-06-19 06:55:20 | INFO | P06-PRODUCER | Forwarded 70 Chinese vessel telemetry messages. Latest: MMSI=413900789 Name='RONGJING23' type=StaticDataReport
2026-06-19 06:55:20 | INFO | C06-CONSUMER | Forwarded & Logged: MMSI=413900789 Name='RONGJING23' Risk=LOW SOG=None knots
2026-06-19 06:55:21 | INFO | C06-CONSUMER | Forwarded & Logged: MMSI=413865389 Name='ZHONGHANG927' Risk=LOW SOG=0 knots
2026-06-19 06:55:22 | WARNING | C06-CONSUMER | Validation failed for vessel MMSI 4132703
2026-06-19 06:55:22 | WARNING | C06-CONSUMER | Errors: ['Required field is blank: ship_name']
2026-06-19 06:55:29 | INFO | C06-CONSUMER | Forwarded & Logged: MMSI=413906659 Name='YUEGUANGZHOUHUO2933' Risk=LOW SOG=None knots
2026-06-19 06:55:39 | WARNING | C06-CONSUMER | Validation failed for vessel MMSI 412529197
2026-06-19 06:55:39 | WARNING | C06-CONSUMER | Errors: ['Required field is blank: ship_name']
2026-06-19 06:55:39 | WARNING | C06-CONSUMER | Validation failed for vessel MMSI 412529197
2026-06-19 06:55:39 | WARNING | C06-CONSUMER | Errors: ['Required field is blank: ship_name']
2026-06-19 06:55:52 | INFO | C06-CONSUMER | Forwarded & Logged: MMSI=413873523 Name='FULI901' Risk=LOW SOG=None knots
2026-06-19 06:55:55 | INFO | C06-CONSUMER | Forwarded & Logged: MMSI=413799151 Name='JIN YUE 002' Risk=LOW SOG=None knots
2026-06-19 06:56:07 | WARNING | C06-CONSUMER | Validation failed for vessel MMSI 4125706
2026-06-19 06:56:07 | WARNING | C06-CONSUMER | Errors: ['Required field is blank: ship_name']
2026-06-19 06:56:09 | INFO | C06-CONSUMER | Forwarded & Logged: MMSI=412371260 Name='SMC MAGELLAN' Risk=LOW SOG=0 knots
2026-06-19 06:56:13 | INFO | P06-PRODUCER | Forwarded 80 Chinese vessel telemetry messages. Latest: MMSI=414351850 Name='YANGWANG1' type=PositionReport
2026-06-19 06:56:13 | INFO | C06-CONSUMER | Forwarded & Logged: MMSI=414351850 Name='YANGWANG1' Risk=LOW SOG=0 knots
2026-06-19 06:56:13 | INFO | C06-CONSUMER | Forwarded & Logged: MMSI=413800827 Name='QIJI636' Risk=LOW SOG=None knots
2026-06-19 06:56:22 | WARNING | C06-CONSUMER | Validation failed for vessel MMSI 4125706
2026-06-19 06:56:22 | WARNING | C06-CONSUMER | Errors: ['Required field is blank: ship_name']
2026-06-19 06:56:28 | WARNING | C06-CONSUMER | Validation failed for vessel MMSI 413865532
2026-06-19 06:56:28 | WARNING | C06-CONSUMER | Errors: ['Required field is blank: ship_name']
2026-06-19 06:56:32 | INFO | P06-PRODUCER | Producer stopped by user (CTRL+C).
2026-06-19 06:56:32 | INFO | P06-PRODUCER | Flushing Kafka producer messages...
2026-06-19 06:56:32 | INFO | P06-PRODUCER | Producer shutdown complete.
2026-06-19 06:56:39 | INFO | C06-CONSUMER | Kafka consumer closed.
